This is pdfTeX, Version 3.1415926-2.3-1.40.12 (MiKTeX 2.9) (preloaded format=pdflatex 2012.3.29)  25 MAY 2014 12:36
entering extended mode
**RosPiBot.tex
(C:\Users\Joan\Documents\GitHub\WifiBotPi\LaTex\RosPiBot.tex
LaTeX2e <2011/06/27>
Babel <v3.8m> and hyphenation patterns for english, afrikaans, ancientgreek, ar
abic, armenian, assamese, basque, bengali, bokmal, bulgarian, catalan, coptic, 
croatian, czech, danish, dutch, esperanto, estonian, farsi, finnish, french, ga
lician, german, german-x-2009-06-19, greek, gujarati, hindi, hungarian, iceland
ic, indonesian, interlingua, irish, italian, kannada, kurmanji, lao, latin, lat
vian, lithuanian, malayalam, marathi, mongolian, mongolianlmc, monogreek, ngerm
an, ngerman-x-2009-06-19, nynorsk, oriya, panjabi, pinyin, polish, portuguese, 
romanian, russian, sanskrit, serbian, slovak, slovenian, spanish, swedish, swis
sgerman, tamil, telugu, turkish, turkmen, ukenglish, ukrainian, uppersorbian, u
senglishmax, welsh, loaded.
("C:\Program Files (x86)\MiKTeX 2.9\tex\latex\base\article.cls"
Document Class: article 2007/10/19 v1.4h Standard LaTeX document class
("C:\Program Files (x86)\MiKTeX 2.9\tex\latex\base\size12.clo"
File: size12.clo 2007/10/19 v1.4h Standard LaTeX file (size option)
)
\c@part=\count79
\c@section=\count80
\c@subsection=\count81
\c@subsubsection=\count82
\c@paragraph=\count83
\c@subparagraph=\count84
\c@figure=\count85
\c@table=\count86
\abovecaptionskip=\skip41
\belowcaptionskip=\skip42
\bibindent=\dimen102
)
("C:\Program Files (x86)\MiKTeX 2.9\tex\latex\lm\lmodern.sty"
Package: lmodern 2009/10/30 v1.6 Latin Modern Fonts
LaTeX Font Info:    Overwriting symbol font `operators' in version `normal'
(Font)                  OT1/cmr/m/n --> OT1/lmr/m/n on input line 22.
LaTeX Font Info:    Overwriting symbol font `letters' in version `normal'
(Font)                  OML/cmm/m/it --> OML/lmm/m/it on input line 23.
LaTeX Font Info:    Overwriting symbol font `symbols' in version `normal'
(Font)                  OMS/cmsy/m/n --> OMS/lmsy/m/n on input line 24.
LaTeX Font Info:    Overwriting symbol font `largesymbols' in version `normal'
(Font)                  OMX/cmex/m/n --> OMX/lmex/m/n on input line 25.
LaTeX Font Info:    Overwriting symbol font `operators' in version `bold'
(Font)                  OT1/cmr/bx/n --> OT1/lmr/bx/n on input line 26.
LaTeX Font Info:    Overwriting symbol font `letters' in version `bold'
(Font)                  OML/cmm/b/it --> OML/lmm/b/it on input line 27.
LaTeX Font Info:    Overwriting symbol font `symbols' in version `bold'
(Font)                  OMS/cmsy/b/n --> OMS/lmsy/b/n on input line 28.
LaTeX Font Info:    Overwriting symbol font `largesymbols' in version `bold'
(Font)                  OMX/cmex/m/n --> OMX/lmex/m/n on input line 29.
LaTeX Font Info:    Overwriting math alphabet `\mathbf' in version `normal'
(Font)                  OT1/cmr/bx/n --> OT1/lmr/bx/n on input line 31.
LaTeX Font Info:    Overwriting math alphabet `\mathsf' in version `normal'
(Font)                  OT1/cmss/m/n --> OT1/lmss/m/n on input line 32.
LaTeX Font Info:    Overwriting math alphabet `\mathit' in version `normal'
(Font)                  OT1/cmr/m/it --> OT1/lmr/m/it on input line 33.
LaTeX Font Info:    Overwriting math alphabet `\mathtt' in version `normal'
(Font)                  OT1/cmtt/m/n --> OT1/lmtt/m/n on input line 34.
LaTeX Font Info:    Overwriting math alphabet `\mathbf' in version `bold'
(Font)                  OT1/cmr/bx/n --> OT1/lmr/bx/n on input line 35.
LaTeX Font Info:    Overwriting math alphabet `\mathsf' in version `bold'
(Font)                  OT1/cmss/bx/n --> OT1/lmss/bx/n on input line 36.
LaTeX Font Info:    Overwriting math alphabet `\mathit' in version `bold'
(Font)                  OT1/cmr/bx/it --> OT1/lmr/bx/it on input line 37.
LaTeX Font Info:    Overwriting math alphabet `\mathtt' in version `bold'
(Font)                  OT1/cmtt/m/n --> OT1/lmtt/m/n on input line 38.
)
("C:\Program Files (x86)\MiKTeX 2.9\tex\latex\base\fontenc.sty"
Package: fontenc 2005/09/27 v1.99g Standard LaTeX package

("C:\Program Files (x86)\MiKTeX 2.9\tex\latex\base\t1enc.def"
File: t1enc.def 2005/09/27 v1.99g Standard LaTeX file
LaTeX Font Info:    Redeclaring font encoding T1 on input line 43.
))
("C:\Program Files (x86)\MiKTeX 2.9\tex\generic\babel\babel.sty"
Package: babel 2008/07/08 v3.8m The Babel package

*************************************
* Local config file bblopts.cfg used
*
("C:\Program Files (x86)\MiKTeX 2.9\tex\latex\00miktex\bblopts.cfg"
File: bblopts.cfg 2006/07/31 v1.0 MiKTeX 'babel' configuration
)
("C:\Program Files (x86)\MiKTeX 2.9\tex\generic\babel\spanish.ldf"
Language: spanish.ldf 2009/01/02 v5.0h Spanish support from the babel system

("C:\Program Files (x86)\MiKTeX 2.9\tex\generic\babel\babel.def"
File: babel.def 2008/07/08 v3.8m Babel common definitions
\babel@savecnt=\count87
\U@D=\dimen103
)
\es@datefmt=\count88
\es@quottoks=\toks14
\es@quotdepth=\count89
Package babel Info: Making " an active character on input line 492.
Package babel Info: Making . an active character on input line 585.
Package babel Info: Making < an active character on input line 630.
Package babel Info: Making > an active character on input line 630.
Package babel Info: Making ' an active character on input line 657.
))
(C:\Users\Joan\AppData\Roaming\MiKTeX\2.9\tex\latex\mh\mathtools.sty
Package: mathtools 2013/02/12 v1.13 mathematical typesetting tools

("C:\Program Files (x86)\MiKTeX 2.9\tex\latex\graphics\keyval.sty"
Package: keyval 1999/03/16 v1.13 key=value parser (DPC)
\KV@toks@=\toks15
)
("C:\Program Files (x86)\MiKTeX 2.9\tex\latex\tools\calc.sty"
Package: calc 2007/08/22 v4.3 Infix arithmetic (KKT,FJ)
\calc@Acount=\count90
\calc@Bcount=\count91
\calc@Adimen=\dimen104
\calc@Bdimen=\dimen105
\calc@Askip=\skip43
\calc@Bskip=\skip44
LaTeX Info: Redefining \setlength on input line 76.
LaTeX Info: Redefining \addtolength on input line 77.
\calc@Ccount=\count92
\calc@Cskip=\skip45
)
(C:\Users\Joan\AppData\Roaming\MiKTeX\2.9\tex\latex\mh\mhsetup.sty
Package: mhsetup 2010/01/21 v1.2a programming setup (MH)
)
("C:\Program Files (x86)\MiKTeX 2.9\tex\latex\ams\math\amsmath.sty"
Package: amsmath 2000/07/18 v2.13 AMS math features
\@mathmargin=\skip46

For additional information on amsmath, use the `?' option.
("C:\Program Files (x86)\MiKTeX 2.9\tex\latex\ams\math\amstext.sty"
Package: amstext 2000/06/29 v2.01

("C:\Program Files (x86)\MiKTeX 2.9\tex\latex\ams\math\amsgen.sty"
File: amsgen.sty 1999/11/30 v2.0
\@emptytoks=\toks16
\ex@=\dimen106
))
("C:\Program Files (x86)\MiKTeX 2.9\tex\latex\ams\math\amsbsy.sty"
Package: amsbsy 1999/11/29 v1.2d
\pmbraise@=\dimen107
)
("C:\Program Files (x86)\MiKTeX 2.9\tex\latex\ams\math\amsopn.sty"
Package: amsopn 1999/12/14 v2.01 operator names
)
\inf@bad=\count93
LaTeX Info: Redefining \frac on input line 211.
\uproot@=\count94
\leftroot@=\count95
LaTeX Info: Redefining \overline on input line 307.
\classnum@=\count96
\DOTSCASE@=\count97
LaTeX Info: Redefining \ldots on input line 379.
LaTeX Info: Redefining \dots on input line 382.
LaTeX Info: Redefining \cdots on input line 467.
\Mathstrutbox@=\box26
\strutbox@=\box27
\big@size=\dimen108
LaTeX Font Info:    Redeclaring font encoding OML on input line 567.
LaTeX Font Info:    Redeclaring font encoding OMS on input line 568.
\macc@depth=\count98
\c@MaxMatrixCols=\count99
\dotsspace@=\muskip10
\c@parentequation=\count100
\dspbrk@lvl=\count101
\tag@help=\toks17
\row@=\count102
\column@=\count103
\maxfields@=\count104
\andhelp@=\toks18
\eqnshift@=\dimen109
\alignsep@=\dimen110
\tagshift@=\dimen111
\tagwidth@=\dimen112
\totwidth@=\dimen113
\lineht@=\dimen114
\@envbody=\toks19
\multlinegap=\skip47
\multlinetaggap=\skip48
\mathdisplay@stack=\toks20
LaTeX Info: Redefining \[ on input line 2666.
LaTeX Info: Redefining \] on input line 2667.
)
LaTeX Info: Thecontrolsequence`\['isalreadyrobust on input line 129.
LaTeX Info: Thecontrolsequence`\]'isalreadyrobust on input line 129.
\g_MT_multlinerow_int=\count105
\l_MT_multwidth_dim=\dimen115
\origjot=\skip49
\l_MT_shortvdotswithinadjustabove_dim=\dimen116
\l_MT_shortvdotswithinadjustbelow_dim=\dimen117
\l_MT_above_intertext_sep=\dimen118
\l_MT_below_intertext_sep=\dimen119
\l_MT_above_shortintertext_sep=\dimen120
\l_MT_below_shortintertext_sep=\dimen121
)
("C:\Program Files (x86)\MiKTeX 2.9\tex\latex\graphics\graphicx.sty"
Package: graphicx 1999/02/16 v1.0f Enhanced LaTeX Graphics (DPC,SPQR)

("C:\Program Files (x86)\MiKTeX 2.9\tex\latex\graphics\graphics.sty"
Package: graphics 2009/02/05 v1.0o Standard LaTeX Graphics (DPC,SPQR)

("C:\Program Files (x86)\MiKTeX 2.9\tex\latex\graphics\trig.sty"
Package: trig 1999/03/16 v1.09 sin cos tan (DPC)
)
("C:\Program Files (x86)\MiKTeX 2.9\tex\latex\00miktex\graphics.cfg"
File: graphics.cfg 2007/01/18 v1.5 graphics configuration of teTeX/TeXLive
)
Package graphics Info: Driver file: pdftex.def on input line 91.

("C:\Program Files (x86)\MiKTeX 2.9\tex\latex\pdftex-def\pdftex.def"
File: pdftex.def 2011/05/27 v0.06d Graphics/color for pdfTeX

("C:\Program Files (x86)\MiKTeX 2.9\tex\generic\oberdiek\infwarerr.sty"
Package: infwarerr 2010/04/08 v1.3 Providing info/warning/message (HO)
)
("C:\Program Files (x86)\MiKTeX 2.9\tex\generic\oberdiek\ltxcmds.sty"
Package: ltxcmds 2011/04/18 v1.20 LaTeX kernel commands for general use (HO)
)
\Gread@gobject=\count106
))
\Gin@req@height=\dimen122
\Gin@req@width=\dimen123
)
("C:\Program Files (x86)\MiKTeX 2.9\tex\latex\geometry\geometry.sty"
Package: geometry 2010/09/12 v5.6 Page Geometry

("C:\Program Files (x86)\MiKTeX 2.9\tex\generic\oberdiek\ifpdf.sty"
Package: ifpdf 2011/01/30 v2.3 Provides the ifpdf switch (HO)
Package ifpdf Info: pdfTeX in PDF mode is detected.
)
("C:\Program Files (x86)\MiKTeX 2.9\tex\generic\oberdiek\ifvtex.sty"
Package: ifvtex 2010/03/01 v1.5 Switches for detecting VTeX and its modes (HO)
Package ifvtex Info: VTeX not detected.
)
("C:\Program Files (x86)\MiKTeX 2.9\tex\generic\ifxetex\ifxetex.sty"
Package: ifxetex 2010/09/12 v0.6 Provides ifxetex conditional
)
\Gm@cnth=\count107
\Gm@cntv=\count108
\c@Gm@tempcnt=\count109
\Gm@bindingoffset=\dimen124
\Gm@wd@mp=\dimen125
\Gm@odd@mp=\dimen126
\Gm@even@mp=\dimen127
\Gm@layoutwidth=\dimen128
\Gm@layoutheight=\dimen129
\Gm@layouthoffset=\dimen130
\Gm@layoutvoffset=\dimen131
\Gm@dimlist=\toks21

("C:\Program Files (x86)\MiKTeX 2.9\tex\latex\geometry\geometry.cfg"))
(C:\Users\Joan\AppData\Roaming\MiKTeX\2.9\tex\latex\fancyhdr\fancyhdr.sty
\fancy@headwidth=\skip50
\f@ncyO@elh=\skip51
\f@ncyO@erh=\skip52
\f@ncyO@olh=\skip53
\f@ncyO@orh=\skip54
\f@ncyO@elf=\skip55
\f@ncyO@erf=\skip56
\f@ncyO@olf=\skip57
\f@ncyO@orf=\skip58
)
("C:\Program Files (x86)\MiKTeX 2.9\tex\latex\hyperref\hyperref.sty"
Package: hyperref 2012/02/06 v6.82o Hypertext links for LaTeX

("C:\Program Files (x86)\MiKTeX 2.9\tex\generic\oberdiek\hobsub-hyperref.sty"
Package: hobsub-hyperref 2011/04/23 v1.4 Bundle oberdiek, subset hyperref (HO)

("C:\Program Files (x86)\MiKTeX 2.9\tex\generic\oberdiek\hobsub-generic.sty"
Package: hobsub-generic 2011/04/23 v1.4 Bundle oberdiek, subset generic (HO)
Package: hobsub 2011/04/23 v1.4 Subsetting bundle oberdiek (HO)
Package hobsub Info: Skipping package `infwarerr' (already loaded).
Package hobsub Info: Skipping package `ltxcmds' (already loaded).
Package: ifluatex 2010/03/01 v1.3 Provides the ifluatex switch (HO)
Package ifluatex Info: LuaTeX not detected.
Package hobsub Info: Skipping package `ifvtex' (already loaded).
Package: intcalc 2007/09/27 v1.1 Expandable integer calculations (HO)
Package hobsub Info: Skipping package `ifpdf' (already loaded).
Package: etexcmds 2011/02/16 v1.5 Prefix for e-TeX command names (HO)
Package etexcmds Info: Could not find \expanded.
(etexcmds)             That can mean that you are not using pdfTeX 1.50 or
(etexcmds)             that some package has redefined \expanded.
(etexcmds)             In the latter case, load this package earlier.
Package: kvsetkeys 2011/04/07 v1.13 Key value parser (HO)
Package: kvdefinekeys 2011/04/07 v1.3 Defining keys (HO)
Package: pdftexcmds 2011/04/22 v0.16 Utilities of pdfTeX for LuaTeX (HO)
Package pdftexcmds Info: LuaTeX not detected.
Package pdftexcmds Info: \pdf@primitive is available.
Package pdftexcmds Info: \pdf@ifprimitive is available.
Package pdftexcmds Info: \pdfdraftmode found.
Package: pdfescape 2011/04/04 v1.12 Provides string conversions (HO)
Package: bigintcalc 2011/01/30 v1.2 Expandable big integer calculations (HO)
Package: bitset 2011/01/30 v1.1 Data type bit set (HO)
Package: uniquecounter 2011/01/30 v1.2 Provides unlimited unique counter (HO)
)
Package hobsub Info: Skipping package `hobsub' (already loaded).
Package: letltxmacro 2010/09/02 v1.4 Let assignment for LaTeX macros (HO)
Package: hopatch 2011/01/30 v1.0 Wrapper for package hooks (HO)
Package: xcolor-patch 2011/01/30 xcolor patch
Package: atveryend 2011/04/23 v1.7 Hooks at very end of document (HO)
Package: atbegshi 2011/01/30 v1.15 At begin shipout hook (HO)
Package: refcount 2010/12/01 v3.2 Data extraction from references (HO)
Package: hycolor 2011/01/30 v1.7 Color options of hyperref/bookmark (HO)
)
("C:\Program Files (x86)\MiKTeX 2.9\tex\latex\oberdiek\kvoptions.sty"
Package: kvoptions 2010/12/23 v3.10 Keyval support for LaTeX options (HO)
)
\@linkdim=\dimen132
\Hy@linkcounter=\count110
\Hy@pagecounter=\count111

("C:\Program Files (x86)\MiKTeX 2.9\tex\latex\hyperref\pd1enc.def"
File: pd1enc.def 2012/02/06 v6.82o Hyperref: PDFDocEncoding definition (HO)
)
\Hy@SavedSpaceFactor=\count112

("C:\Program Files (x86)\MiKTeX 2.9\tex\latex\00miktex\hyperref.cfg"
File: hyperref.cfg 2002/06/06 v1.2 hyperref configuration of TeXLive
)
Package hyperref Info: Hyper figures OFF on input line 4046.
Package hyperref Info: Link nesting OFF on input line 4051.
Package hyperref Info: Hyper index ON on input line 4054.
Package hyperref Info: Plain pages OFF on input line 4061.
Package hyperref Info: Backreferencing OFF on input line 4066.
Package hyperref Info: Implicit mode ON; LaTeX internals redefined.
Package hyperref Info: Bookmarks ON on input line 4284.
\c@Hy@tempcnt=\count113

("C:\Program Files (x86)\MiKTeX 2.9\tex\latex\ltxmisc\url.sty"
\Urlmuskip=\muskip11
Package: url 2006/04/12  ver 3.3  Verb mode for urls, etc.
)
LaTeX Info: Redefining \url on input line 4637.
\Fld@menulength=\count114
\Field@Width=\dimen133
\Fld@charsize=\dimen134
Package hyperref Info: Hyper figures OFF on input line 5757.
Package hyperref Info: Link nesting OFF on input line 5762.
Package hyperref Info: Hyper index ON on input line 5765.
Package hyperref Info: backreferencing OFF on input line 5772.
Package hyperref Info: Link coloring OFF on input line 5777.
Package hyperref Info: Link coloring with OCG OFF on input line 5782.
Package hyperref Info: PDF/A mode OFF on input line 5787.
LaTeX Info: Redefining \ref on input line 5827.
LaTeX Info: Redefining \pageref on input line 5831.
\Hy@abspage=\count115
\c@Item=\count116
\c@Hfootnote=\count117
)

Package hyperref Message: Driver (autodetected): hpdftex.

("C:\Program Files (x86)\MiKTeX 2.9\tex\latex\hyperref\hpdftex.def"
File: hpdftex.def 2012/02/06 v6.82o Hyperref driver for pdfTeX
\Fld@listcount=\count118
\c@bookmark@seq@number=\count119

("C:\Program Files (x86)\MiKTeX 2.9\tex\latex\oberdiek\rerunfilecheck.sty"
Package: rerunfilecheck 2011/04/15 v1.7 Rerun checks for auxiliary files (HO)
Package uniquecounter Info: New unique counter `rerunfilecheck' on input line 2
82.
)
\Hy@SectionHShift=\skip59
)
("C:\Program Files (x86)\MiKTeX 2.9\tex\latex\tools\multicol.sty"
Package: multicol 2011/06/27 v1.7a multicolumn formatting (FMi)
\c@tracingmulticols=\count120
\mult@box=\box28
\multicol@leftmargin=\dimen135
\c@unbalance=\count121
\c@collectmore=\count122
\doublecol@number=\count123
\multicoltolerance=\count124
\multicolpretolerance=\count125
\full@width=\dimen136
\page@free=\dimen137
\premulticols=\dimen138
\postmulticols=\dimen139
\multicolsep=\skip60
\multicolbaselineskip=\skip61
\partial@page=\box29
\last@line=\box30
\mult@rightbox=\box31
\mult@grightbox=\box32
\mult@gfirstbox=\box33
\mult@firstbox=\box34
\@tempa=\box35
\@tempa=\box36
\@tempa=\box37
\@tempa=\box38
\@tempa=\box39
\@tempa=\box40
\@tempa=\box41
\@tempa=\box42
\@tempa=\box43
\@tempa=\box44
\@tempa=\box45
\@tempa=\box46
\@tempa=\box47
\@tempa=\box48
\@tempa=\box49
\@tempa=\box50
\@tempa=\box51
\c@columnbadness=\count126
\c@finalcolumnbadness=\count127
\last@try=\dimen140
\multicolovershoot=\dimen141
\multicolundershoot=\dimen142
\mult@nat@firstbox=\box52
\colbreak@box=\box53
\multicol@sort@counter=\count128
)
(C:\Users\Joan\AppData\Roaming\MiKTeX\2.9\tex\latex\datatool\datatool.sty
Package: datatool 2014/02/03 v2.20 (NLCT)

("C:\Program Files (x86)\MiKTeX 2.9\tex\latex\xkeyval\xkeyval.sty"
Package: xkeyval 2008/08/13 v2.6a package option processing (HA)

("C:\Program Files (x86)\MiKTeX 2.9\tex\generic\xkeyval\xkeyval.tex"
\XKV@toks=\toks22
\XKV@tempa@toks=\toks23
\XKV@depth=\count129
File: xkeyval.tex 2008/08/13 v2.6a key=value parser (HA)
))
("C:\Program Files (x86)\MiKTeX 2.9\tex\latex\base\ifthen.sty"
Package: ifthen 2001/05/26 v1.1c Standard LaTeX ifthen package (DPC)
)
(C:\Users\Joan\AppData\Roaming\MiKTeX\2.9\tex\latex\xfor\xfor.sty
Package: xfor 2009/02/05 v1.05 (NLCT)
)
(C:\Users\Joan\AppData\Roaming\MiKTeX\2.9\tex\latex\substr\substr.sty
Package: substr 2009/10/20 v1.2 Handle substrings
\c@su@anzahl=\count130
)
(C:\Users\Joan\AppData\Roaming\MiKTeX\2.9\tex\latex\etoolbox\etoolbox.sty
Package: etoolbox 2011/01/03 v2.1 e-TeX tools for LaTeX

("C:\Program Files (x86)\MiKTeX 2.9\tex\latex\misc\etex.sty"
Package: etex 1998/03/26 v2.0 eTeX basic definition package (PEB)
\et@xins=\count131
)
\etb@tempcnta=\count132
)
(C:\Users\Joan\AppData\Roaming\MiKTeX\2.9\tex\latex\datatool\datatool-base.sty
Package: datatool-base 2013/09/06 v2.18 (NLCT)

(C:\Users\Joan\AppData\Roaming\MiKTeX\2.9\tex\latex\datatool\datatool-fp.sty
Package: datatool-fp 2013/08/29 v2.17 (NLCT)

(C:\Users\Joan\AppData\Roaming\MiKTeX\2.9\tex\latex\fp\fp.sty
Package: fp 1995/04/02

`Fixed Point Package', Version 0.8, April 2, 1995 (C) Michael Mehlich
(C:\Users\Joan\AppData\Roaming\MiKTeX\2.9\tex\latex\fp\defpattern.sty
Package: defpattern 1994/10/12
\actioncount=\count133
)
(C:\Users\Joan\AppData\Roaming\MiKTeX\2.9\tex\latex\fp\fp-basic.sty
Package: fp-basic 1996/05/13
\FP@xs=\count134
\FP@xia=\count135
\FP@xib=\count136
\FP@xfa=\count137
\FP@xfb=\count138
\FP@rega=\count139
\FP@regb=\count140
\FP@regs=\count141
\FP@times=\count142
)
(C:\Users\Joan\AppData\Roaming\MiKTeX\2.9\tex\latex\fp\fp-addons.sty
Package: fp-addons 1995/03/15
)
(C:\Users\Joan\AppData\Roaming\MiKTeX\2.9\tex\latex\fp\fp-snap.sty
Package: fp-snap 1995/04/05
)
(C:\Users\Joan\AppData\Roaming\MiKTeX\2.9\tex\latex\fp\fp-exp.sty
Package: fp-exp 1995/04/03
)
(C:\Users\Joan\AppData\Roaming\MiKTeX\2.9\tex\latex\fp\fp-trigo.sty
Package: fp-trigo 1995/04/14
)
(C:\Users\Joan\AppData\Roaming\MiKTeX\2.9\tex\latex\fp\fp-pas.sty
Package: fp-pas 1994/08/29
)
(C:\Users\Joan\AppData\Roaming\MiKTeX\2.9\tex\latex\fp\fp-random.sty
Package: fp-random 1995/02/23
\FPseed=\count143
)
(C:\Users\Joan\AppData\Roaming\MiKTeX\2.9\tex\latex\fp\fp-eqn.sty
Package: fp-eqn 1995/04/03
)
(C:\Users\Joan\AppData\Roaming\MiKTeX\2.9\tex\latex\fp\fp-upn.sty
Package: fp-upn 1996/10/21
)
(C:\Users\Joan\AppData\Roaming\MiKTeX\2.9\tex\latex\fp\fp-eval.sty
Package: fp-eval 1995/04/03
)))
\@dtl@toks=\toks24
\@dtl@tmpcount=\count144
\dtl@tmplength=\skip62
\dtl@sortresult=\count145
\@dtl@numgrpsepcount=\count146
\@dtl@datatype=\count147
\dtl@codeA=\count148
\dtl@codeB=\count149
\@dtl@foreach@level=\count150
)
\dtlcolumnnum=\count151
\dtlrownum=\count152
\@dtl@before=\toks25
\@dtl@after=\toks26
\@dtl@colhead=\toks27
\dtlcurrentrow=\toks28
\dtlbeforerow=\toks29
\dtlafterrow=\toks30
\dtlforeachlevel=\count153
\c@DTLrowi=\count154
\c@DTLrowii=\count155
\c@DTLrowiii=\count156
\c@DTLrow=\count157
\dtl@rowi=\count158
\dtl@rowii=\count159
\dtl@rowiii=\count160
\@dtl@curi=\toks31
\@dtl@previ=\toks32
\@dtl@nexti=\toks33
\@dtl@curii=\toks34
\@dtl@previi=\toks35
\@dtl@nextii=\toks36
\@dtl@curiii=\toks37
\@dtl@previii=\toks38
\@dtl@nextiii=\toks39
\@dtl@elements=\count161
\@dtl@list=\toks40
\@dtl@rowa=\toks41
\@dtl@rowb=\toks42
\@dtl@toksA=\toks43
\@dtl@toksB=\toks44
\@dtl@write=\write3
\@dtl@read=\read1
\dtl@entrycr=\count162
\dtl@omitlines=\count163
)
(C:\Users\Joan\AppData\Roaming\MiKTeX\2.9\tex\latex\glossaries\base\glossaries.
sty
Package: glossaries 2014/04/04 v4.07 (NLCT)

(C:\Users\Joan\AppData\Roaming\MiKTeX\2.9\tex\latex\glossaries\base\mfirstuc.st
y
Package: mfirstuc 2013/11/04 v1.08 (NLCT)
\@glsmfirst=\toks45
\@glsmrest=\toks46
) (C:\Users\Joan\AppData\Roaming\MiKTeX\2.9\tex\latex\textcase\textcase.sty
Package: textcase 2004/10/07 v0.07 Text only upper/lower case changing (DPC)
)
(C:\Users\Joan\AppData\Roaming\MiKTeX\2.9\tex\latex\glossaries\base\glossaries-
compatible-307.sty
Package: glossaries-compatible-307 2013/11/14 v4.0 (NLCT)
)
(C:\Users\Joan\AppData\Roaming\MiKTeX\2.9\tex\latex\beamer\base\translator\tran
slator.sty
Package: translator 2010/06/12 ver 1.10

(C:\Users\Joan\AppData\Roaming\MiKTeX\2.9\tex\latex\beamer\base\translator\tran
slator-language-mappings.tex))
\gls@level=\count164
\@gls@tmpb=\toks47
\gls@tmplen=\skip63
\glskeylisttok=\toks48
\glslabeltok=\toks49
\glsshorttok=\toks50
\glslongtok=\toks51

(C:\Users\Joan\AppData\Roaming\MiKTeX\2.9\tex\latex\glossaries\styles\glossary-
hypernav.sty
Package: glossary-hypernav 2013/11/14 v4.0 (NLCT)
)
(C:\Users\Joan\AppData\Roaming\MiKTeX\2.9\tex\latex\glossaries\styles\glossary-
list.sty
Package: glossary-list 2013/11/14 v4.0 (NLCT)
\glslistdottedwidth=\skip64
)
(C:\Users\Joan\AppData\Roaming\MiKTeX\2.9\tex\latex\glossaries\styles\glossary-
long.sty
Package: glossary-long 2013/11/14 v4.0 (NLCT)
 ("C:\Program Files (x86)\MiKTeX 2.9\tex\latex\tools\longtable.sty"
Package: longtable 2004/02/01 v4.11 Multi-page Table package (DPC)
\LTleft=\skip65
\LTright=\skip66
\LTpre=\skip67
\LTpost=\skip68
\LTchunksize=\count165
\LTcapwidth=\dimen143
\LT@head=\box54
\LT@firsthead=\box55
\LT@foot=\box56
\LT@lastfoot=\box57
\LT@cols=\count166
\LT@rows=\count167
\c@LT@tables=\count168
\c@LT@chunks=\count169
\LT@p@ftn=\toks52
)
\glsdescwidth=\skip69
\glspagelistwidth=\skip70
)
(C:\Users\Joan\AppData\Roaming\MiKTeX\2.9\tex\latex\glossaries\styles\glossary-
super.sty
Package: glossary-super 2013/11/14 v4.0 (NLCT)

(C:\Users\Joan\AppData\Roaming\MiKTeX\2.9\tex\latex\supertabular\supertabular.s
ty
Package: supertabular 2004/02/20 v4.1e the supertabular environment
\c@tracingst=\count170
\ST@wd=\dimen144
\ST@rightskip=\skip71
\ST@leftskip=\skip72
\ST@parfillskip=\skip73
\ST@pageleft=\dimen145
\ST@headht=\dimen146
\ST@tailht=\dimen147
\ST@pagesofar=\dimen148
\ST@pboxht=\dimen149
\ST@lineht=\dimen150
\ST@stretchht=\dimen151
\ST@prevht=\dimen152
\ST@toadd=\dimen153
\ST@dimen=\dimen154
\ST@pbox=\box58
))
(C:\Users\Joan\AppData\Roaming\MiKTeX\2.9\tex\latex\glossaries\styles\glossary-
tree.sty
Package: glossary-tree 2014/03/06 v4.04 (NLCT)
\glstreeindent=\skip74
)) (C:\Users\Joan\AppData\Roaming\MiKTeX\2.9\tex\latex\cite\cite.sty
LaTeX Info: Redefining \cite on input line 302.
LaTeX Info: Redefining \nocite on input line 373.
Package: cite 2010/09/10  v 5.3
)
(C:\Users\Joan\AppData\Roaming\MiKTeX\2.9\tex\latex\setspace\setspace.sty
Package: setspace 2011/12/19 v6.7a set line spacing
)
(C:\Users\Joan\Documents\GitHub\WifiBotPi\LaTex\RosPiBot.aux)
LaTeX Font Info:    Checking defaults for OML/cmm/m/it on input line 51.
LaTeX Font Info:    ... okay on input line 51.
LaTeX Font Info:    Checking defaults for T1/cmr/m/n on input line 51.
LaTeX Font Info:    ... okay on input line 51.
LaTeX Font Info:    Checking defaults for OT1/cmr/m/n on input line 51.
LaTeX Font Info:    ... okay on input line 51.
LaTeX Font Info:    Checking defaults for OMS/cmsy/m/n on input line 51.
LaTeX Font Info:    ... okay on input line 51.
LaTeX Font Info:    Checking defaults for OMX/cmex/m/n on input line 51.
LaTeX Font Info:    ... okay on input line 51.
LaTeX Font Info:    Checking defaults for U/cmr/m/n on input line 51.
LaTeX Font Info:    ... okay on input line 51.
LaTeX Font Info:    Checking defaults for PD1/pdf/m/n on input line 51.
LaTeX Font Info:    ... okay on input line 51.
LaTeX Font Info:    Try loading font information for T1+lmr on input line 51.

("C:\Program Files (x86)\MiKTeX 2.9\tex\latex\lm\t1lmr.fd"
File: t1lmr.fd 2009/10/30 v1.6 Font defs for Latin Modern
)
(C:\Users\Joan\AppData\Roaming\MiKTeX\2.9\tex\context\base\supp-pdf.mkii
[Loading MPS to PDF converter (version 2006.09.02).]
\scratchcounter=\count171
\scratchdimen=\dimen155
\scratchbox=\box59
\nofMPsegments=\count172
\nofMParguments=\count173
\everyMPshowfont=\toks53
\MPscratchCnt=\count174
\MPscratchDim=\dimen156
\MPnumerator=\count175
\makeMPintoPDFobject=\count176
\everyMPtoPDFconversion=\toks54
)
*geometry* driver: auto-detecting
*geometry* detected driver: pdftex
*geometry* verbose mode - [ preamble ] result:
* driver: pdftex
* paper: <default>
* layout: <same size as paper>
* layoutoffset:(h,v)=(0.0pt,0.0pt)
* modes: twoside 
* h-part:(L,W,R)=(85.35826pt, 472.03123pt, 56.9055pt)
* v-part:(T,H,B)=(71.13188pt, 652.70622pt, 71.13188pt)
* \paperwidth=614.295pt
* \paperheight=794.96999pt
* \textwidth=472.03123pt
* \textheight=652.70622pt
* \oddsidemargin=13.08827pt
* \evensidemargin=-15.36449pt
* \topmargin=-38.1381pt
* \headheight=12.0pt
* \headsep=25.0pt
* \topskip=12.0pt
* \footskip=42.0pt
* \marginparwidth=95.0pt
* \marginparsep=10.0pt
* \columnsep=10.0pt
* \skip\footins=10.8pt plus 4.0pt minus 2.0pt
* \hoffset=0.0pt
* \voffset=0.0pt
* \mag=1000
* \@twocolumnfalse
* \@twosidetrue
* \@mparswitchtrue
* \@reversemarginfalse
* (1in=72.27pt=25.4mm, 1cm=28.453pt)

\AtBeginShipoutBox=\box60
Package hyperref Info: Link coloring OFF on input line 51.
("C:\Program Files (x86)\MiKTeX 2.9\tex\latex\hyperref\nameref.sty"
Package: nameref 2010/04/30 v2.40 Cross-referencing by name of section

("C:\Program Files (x86)\MiKTeX 2.9\tex\generic\oberdiek\gettitlestring.sty"
Package: gettitlestring 2010/12/03 v1.4 Cleanup title references (HO)
)
\c@section@level=\count177
)
LaTeX Info: Redefining \ref on input line 51.
LaTeX Info: Redefining \pageref on input line 51.
LaTeX Info: Redefining \nameref on input line 51.

(C:\Users\Joan\Documents\GitHub\WifiBotPi\LaTex\RosPiBot.out)
(C:\Users\Joan\Documents\GitHub\WifiBotPi\LaTex\RosPiBot.out)
\@outlinefile=\write4

(C:\Users\Joan\AppData\Roaming\MiKTeX\2.9\tex\latex\glossaries\dict\glossaries-
dictionary-English.dict
Dictionary: glossaries-dictionary, Language: English 
) <images/upc-logo.png, id=314, 677.6517pt x 142.131pt>
File: images/upc-logo.png Graphic file (type png)

<use images/upc-logo.png>
Package pdftex.def Info: images/upc-logo.png used on input line 55.
(pdftex.def)             Requested size: 377.62642pt x 79.20459pt.
LaTeX Font Info:    Try loading font information for OT1+lmr on input line 55.

("C:\Program Files (x86)\MiKTeX 2.9\tex\latex\lm\ot1lmr.fd"
File: ot1lmr.fd 2009/10/30 v1.6 Font defs for Latin Modern
)
LaTeX Font Info:    Try loading font information for OML+lmm on input line 55.

("C:\Program Files (x86)\MiKTeX 2.9\tex\latex\lm\omllmm.fd"
File: omllmm.fd 2009/10/30 v1.6 Font defs for Latin Modern
)
LaTeX Font Info:    Try loading font information for OMS+lmsy on input line 55.


("C:\Program Files (x86)\MiKTeX 2.9\tex\latex\lm\omslmsy.fd"
File: omslmsy.fd 2009/10/30 v1.6 Font defs for Latin Modern
)
LaTeX Font Info:    Try loading font information for OMX+lmex on input line 55.


("C:\Program Files (x86)\MiKTeX 2.9\tex\latex\lm\omxlmex.fd"
File: omxlmex.fd 2009/10/30 v1.6 Font defs for Latin Modern
)
LaTeX Font Info:    External font `lmex10' loaded for size
(Font)              <14.4> on input line 55.
LaTeX Font Info:    External font `lmex10' loaded for size
(Font)              <10> on input line 55.
LaTeX Font Info:    External font `lmex10' loaded for size
(Font)              <7> on input line 55.

<images/etseib-logo.png, id=316, 65.043pt x 85.0377pt>
File: images/etseib-logo.png Graphic file (type png)

<use images/etseib-logo.png>
Package pdftex.def Info: images/etseib-logo.png used on input line 64.
(pdftex.def)             Requested size: 65.04283pt x 85.03748pt.
 [1

{C:/Users/Joan/AppData/Local/MiKTeX/2.9/pdftex/config/pdftex.map} <C:/Users/Joa
n/Documents/GitHub/WifiBotPi/LaTex/images/upc-logo.png> <C:/Users/Joan/Document
s/GitHub/WifiBotPi/LaTex/images/etseib-logo.png>]pdfTeX warning (ext4): destina
tion with the same identifier (name{page.}) has been already used, duplicate ig
nored
<to be read again> 
                   \relax 
l.71 \newpage
              [2]
Underfull \hbox (badness 10000) in paragraph at lines 80--81

 []


Underfull \hbox (badness 10000) in paragraph at lines 82--83

 []


Package Fancyhdr Warning: \headheight is too small (12.0pt): 
 Make it at least 14.49998pt.
 We now make it that large for the rest of the document.
 This may cause the page layout to be inconsistent, however.

File: images/etseib-logo.png Graphic file (type png)
<use images/etseib-logo.png>
Package pdftex.def Info: images/etseib-logo.png used on input line 87.
(pdftex.def)             Requested size: 32.52141pt x 42.51874pt.


Package Fancyhdr Warning: \footskip is too small (42.0pt): 
 Make it at least 42.51874pt.
 We now make it that large for the rest of the document.
 This may cause the page layout to be inconsistent, however.

[1] [2] (C:\Users\Joan\Documents\GitHub\WifiBotPi\LaTex\RosPiBot.toc
LaTeX Font Info:    External font `lmex10' loaded for size
(Font)              <12> on input line 6.
LaTeX Font Info:    External font `lmex10' loaded for size
(Font)              <8> on input line 6.
LaTeX Font Info:    External font `lmex10' loaded for size
(Font)              <6> on input line 6.


Package Fancyhdr Warning: \headheight is too small (12.0pt): 
 Make it at least 14.49998pt.
 We now make it that large for the rest of the document.
 This may cause the page layout to be inconsistent, however.

File: images/etseib-logo.png Graphic file (type png)
<use images/etseib-logo.png>
Package pdftex.def Info: images/etseib-logo.png used on input line 33.
(pdftex.def)             Requested size: 32.52141pt x 42.51874pt.


Package Fancyhdr Warning: \footskip is too small (42.0pt): 
 Make it at least 42.51874pt.
 We now make it that large for the rest of the document.
 This may cause the page layout to be inconsistent, however.

[3]

Package Fancyhdr Warning: \headheight is too small (12.0pt): 
 Make it at least 14.49998pt.
 We now make it that large for the rest of the document.
 This may cause the page layout to be inconsistent, however.

File: images/etseib-logo.png Graphic file (type png)
<use images/etseib-logo.png>
Package pdftex.def Info: images/etseib-logo.png used on input line 68.
(pdftex.def)             Requested size: 32.52141pt x 42.51874pt.


Package Fancyhdr Warning: \footskip is too small (42.0pt): 
 Make it at least 42.51874pt.
 We now make it that large for the rest of the document.
 This may cause the page layout to be inconsistent, however.

[4])
\tf@toc=\write5


Package Fancyhdr Warning: \headheight is too small (12.0pt): 
 Make it at least 14.49998pt.
 We now make it that large for the rest of the document.
 This may cause the page layout to be inconsistent, however.

File: images/etseib-logo.png Graphic file (type png)
<use images/etseib-logo.png>
Package pdftex.def Info: images/etseib-logo.png used on input line 104.
(pdftex.def)             Requested size: 32.52141pt x 42.51874pt.


Package Fancyhdr Warning: \footskip is too small (42.0pt): 
 Make it at least 42.51874pt.
 We now make it that large for the rest of the document.
 This may cause the page layout to be inconsistent, however.

pdfTeX warning (ext4): destination with the same identifier (name{page.1}) has 
been already used, duplicate ignored
<to be read again> 
                   \relax 
l.104 \newpage
               [1] (C:\Users\Joan\Documents\GitHub\WifiBotPi\LaTex\RosPiBot.lof

Package Fancyhdr Warning: \headheight is too small (12.0pt): 
 Make it at least 14.49998pt.
 We now make it that large for the rest of the document.
 This may cause the page layout to be inconsistent, however.

File: images/etseib-logo.png Graphic file (type png)
<use images/etseib-logo.png>
Package pdftex.def Info: images/etseib-logo.png used on input line 37.
(pdftex.def)             Requested size: 32.52141pt x 42.51874pt.


Package Fancyhdr Warning: \footskip is too small (42.0pt): 
 Make it at least 42.51874pt.
 We now make it that large for the rest of the document.
 This may cause the page layout to be inconsistent, however.

[5])
\tf@lof=\write6


Package Fancyhdr Warning: \headheight is too small (12.0pt): 
 Make it at least 14.49998pt.
 We now make it that large for the rest of the document.
 This may cause the page layout to be inconsistent, however.

File: images/etseib-logo.png Graphic file (type png)
<use images/etseib-logo.png>
Package pdftex.def Info: images/etseib-logo.png used on input line 110.
(pdftex.def)             Requested size: 32.52141pt x 42.51874pt.


Package Fancyhdr Warning: \footskip is too small (42.0pt): 
 Make it at least 42.51874pt.
 We now make it that large for the rest of the document.
 This may cause the page layout to be inconsistent, however.

[6] (C:\Users\Joan\Documents\GitHub\WifiBotPi\LaTex\RosPiBot.lot)
\tf@lot=\write7


Package Fancyhdr Warning: \headheight is too small (12.0pt): 
 Make it at least 14.49998pt.
 We now make it that large for the rest of the document.
 This may cause the page layout to be inconsistent, however.

File: images/etseib-logo.png Graphic file (type png)
<use images/etseib-logo.png>
Package pdftex.def Info: images/etseib-logo.png used on input line 116.
(pdftex.def)             Requested size: 32.52141pt x 42.51874pt.


Package Fancyhdr Warning: \footskip is too small (42.0pt): 
 Make it at least 42.51874pt.
 We now make it that large for the rest of the document.
 This may cause the page layout to be inconsistent, however.

pdfTeX warning (ext4): destination with the same identifier (name{page.6}) has 
been already used, duplicate ignored
<to be read again> 
                   \relax 
l.116 \newpage
               [6]

Package Fancyhdr Warning: \headheight is too small (12.0pt): 
 Make it at least 14.49998pt.
 We now make it that large for the rest of the document.
 This may cause the page layout to be inconsistent, however.

File: images/etseib-logo.png Graphic file (type png)
<use images/etseib-logo.png>
Package pdftex.def Info: images/etseib-logo.png used on input line 143.
(pdftex.def)             Requested size: 32.52141pt x 42.51874pt.


Package Fancyhdr Warning: \footskip is too small (42.0pt): 
 Make it at least 42.51874pt.
 We now make it that large for the rest of the document.
 This may cause the page layout to be inconsistent, however.

[7]

Package Fancyhdr Warning: \headheight is too small (12.0pt): 
 Make it at least 14.49998pt.
 We now make it that large for the rest of the document.
 This may cause the page layout to be inconsistent, however.

File: images/etseib-logo.png Graphic file (type png)
<use images/etseib-logo.png>
Package pdftex.def Info: images/etseib-logo.png used on input line 154.
(pdftex.def)             Requested size: 32.52141pt x 42.51874pt.


Package Fancyhdr Warning: \footskip is too small (42.0pt): 
 Make it at least 42.51874pt.
 We now make it that large for the rest of the document.
 This may cause the page layout to be inconsistent, however.

[8] <images/Visuel_Wifibot_2.png, id=537, 301.125pt x 262.73157pt>
File: images/Visuel_Wifibot_2.png Graphic file (type png)

<use images/Visuel_Wifibot_2.png>
Package pdftex.def Info: images/Visuel_Wifibot_2.png used on input line 166.
(pdftex.def)             Requested size: 150.56212pt x 131.36545pt.
LaTeX Font Info:    Try loading font information for OMS+lmr on input line 177.


("C:\Program Files (x86)\MiKTeX 2.9\tex\latex\lm\omslmr.fd"
File: omslmr.fd 2009/10/30 v1.6 Font defs for Latin Modern
)
LaTeX Font Info:    Font shape `OMS/lmr/m/n' in size <12> not available
(Font)              Font shape `OMS/lmsy/m/n' tried instead on input line 177.

Underfull \hbox (badness 10000) in paragraph at lines 192--193
[]\T1/lmr/m/n/12 Modos Ac-cess Point, Brid-ge,
 []


Package Fancyhdr Warning: \headheight is too small (12.0pt): 
 Make it at least 14.49998pt.
 We now make it that large for the rest of the document.
 This may cause the page layout to be inconsistent, however.

File: images/etseib-logo.png Graphic file (type png)
<use images/etseib-logo.png>
Package pdftex.def Info: images/etseib-logo.png used on input line 207.
(pdftex.def)             Requested size: 32.52141pt x 42.51874pt.


Package Fancyhdr Warning: \footskip is too small (42.0pt): 
 Make it at least 42.51874pt.
 We now make it that large for the rest of the document.
 This may cause the page layout to be inconsistent, however.

[9 <C:/Users/Joan/Documents/GitHub/WifiBotPi/LaTex/images/Visuel_Wifibot_2.png>
] <images/motor_dimensions.png, id=547, 1309.14093pt x 359.09157pt>
File: images/motor_dimensions.png Graphic file (type png)

<use images/motor_dimensions.png>
Package pdftex.def Info: images/motor_dimensions.png used on input line 237.
(pdftex.def)             Requested size: 458.20619pt x 125.68393pt.

<images/motor_graph.png, id=549, 1008.01593pt x 700.86844pt>
File: images/motor_graph.png Graphic file (type png)

<use images/motor_graph.png>
Package pdftex.def Info: images/motor_graph.png used on input line 246.
(pdftex.def)             Requested size: 352.81087pt x 245.30763pt.


Package Fancyhdr Warning: \headheight is too small (12.0pt): 
 Make it at least 14.49998pt.
 We now make it that large for the rest of the document.
 This may cause the page layout to be inconsistent, however.

File: images/etseib-logo.png Graphic file (type png)
<use images/etseib-logo.png>
Package pdftex.def Info: images/etseib-logo.png used on input line 253.
(pdftex.def)             Requested size: 32.52141pt x 42.51874pt.


Package Fancyhdr Warning: \footskip is too small (42.0pt): 
 Make it at least 42.51874pt.
 We now make it that large for the rest of the document.
 This may cause the page layout to be inconsistent, however.

[10 <C:/Users/Joan/Documents/GitHub/WifiBotPi/LaTex/images/motor_dimensions.png
>] <images/encoderQEI.png, id=557, 963.6pt x 380.17032pt>
File: images/encoderQEI.png Graphic file (type png)

<use images/encoderQEI.png>
Package pdftex.def Info: images/encoderQEI.png used on input line 256.
(pdftex.def)             Requested size: 433.616pt x 171.07506pt.

Underfull \hbox (badness 10000) in paragraph at lines 261--262

 []


Underfull \vbox (badness 1237) has occurred while \output is active []



Package Fancyhdr Warning: \headheight is too small (12.0pt): 
 Make it at least 14.49998pt.
 We now make it that large for the rest of the document.
 This may cause the page layout to be inconsistent, however.

File: images/etseib-logo.png Graphic file (type png)
<use images/etseib-logo.png>
Package pdftex.def Info: images/etseib-logo.png used on input line 262.
(pdftex.def)             Requested size: 32.52141pt x 42.51874pt.


Package Fancyhdr Warning: \footskip is too small (42.0pt): 
 Make it at least 42.51874pt.
 We now make it that large for the rest of the document.
 This may cause the page layout to be inconsistent, however.

[11 <C:/Users/Joan/Documents/GitHub/WifiBotPi/LaTex/images/motor_graph.png> <C:
/Users/Joan/Documents/GitHub/WifiBotPi/LaTex/images/encoderQEI.png>]
Underfull \hbox (badness 10000) in paragraph at lines 292--293

 []


Package Fancyhdr Warning: \headheight is too small (12.0pt): 
 Make it at least 14.49998pt.
 We now make it that large for the rest of the document.
 This may cause the page layout to be inconsistent, however.

File: images/etseib-logo.png Graphic file (type png)
<use images/etseib-logo.png>
Package pdftex.def Info: images/etseib-logo.png used on input line 293.
(pdftex.def)             Requested size: 32.52141pt x 42.51874pt.


Package Fancyhdr Warning: \footskip is too small (42.0pt): 
 Make it at least 42.51874pt.
 We now make it that large for the rest of the document.
 This may cause the page layout to be inconsistent, however.

[12] <images/raspi.png, id=568, 1027.84pt x 552.0625pt>
File: images/raspi.png Graphic file (type png)
 <use images/raspi.png>
Package pdftex.def Info: images/raspi.png used on input line 300.
(pdftex.def)             Requested size: 205.56436pt x 110.41054pt.

<images/RaspiModelB.png, id=569, 1276.77pt x 916.1728pt>
File: images/RaspiModelB.png Graphic file (type png)

<use images/RaspiModelB.png>
Package pdftex.def Info: images/RaspiModelB.png used on input line 310.
(pdftex.def)             Requested size: 191.50723pt x 137.41998pt.


Package Fancyhdr Warning: \headheight is too small (12.0pt): 
 Make it at least 14.49998pt.
 We now make it that large for the rest of the document.
 This may cause the page layout to be inconsistent, however.

File: images/etseib-logo.png Graphic file (type png)
<use images/etseib-logo.png>
Package pdftex.def Info: images/etseib-logo.png used on input line 326.
(pdftex.def)             Requested size: 32.52141pt x 42.51874pt.


Package Fancyhdr Warning: \footskip is too small (42.0pt): 
 Make it at least 42.51874pt.
 We now make it that large for the rest of the document.
 This may cause the page layout to be inconsistent, however.

[13 <C:/Users/Joan/Documents/GitHub/WifiBotPi/LaTex/images/raspi.png> <C:/Users
/Joan/Documents/GitHub/WifiBotPi/LaTex/images/RaspiModelB.png>]

Package Fancyhdr Warning: \headheight is too small (12.0pt): 
 Make it at least 14.49998pt.
 We now make it that large for the rest of the document.
 This may cause the page layout to be inconsistent, however.

File: images/etseib-logo.png Graphic file (type png)
<use images/etseib-logo.png>
Package pdftex.def Info: images/etseib-logo.png used on input line 354.
(pdftex.def)             Requested size: 32.52141pt x 42.51874pt.


Package Fancyhdr Warning: \footskip is too small (42.0pt): 
 Make it at least 42.51874pt.
 We now make it that large for the rest of the document.
 This may cause the page layout to be inconsistent, however.

[14]

Package Fancyhdr Warning: \headheight is too small (12.0pt): 
 Make it at least 14.49998pt.
 We now make it that large for the rest of the document.
 This may cause the page layout to be inconsistent, however.

File: images/etseib-logo.png Graphic file (type png)
<use images/etseib-logo.png>
Package pdftex.def Info: images/etseib-logo.png used on input line 358.
(pdftex.def)             Requested size: 32.52141pt x 42.51874pt.


Package Fancyhdr Warning: \footskip is too small (42.0pt): 
 Make it at least 42.51874pt.
 We now make it that large for the rest of the document.
 This may cause the page layout to be inconsistent, however.

[15]
Underfull \hbox (badness 10000) in paragraph at lines 361--362

 []


Package Fancyhdr Warning: \headheight is too small (12.0pt): 
 Make it at least 14.49998pt.
 We now make it that large for the rest of the document.
 This may cause the page layout to be inconsistent, however.

File: images/etseib-logo.png Graphic file (type png)
<use images/etseib-logo.png>
Package pdftex.def Info: images/etseib-logo.png used on input line 378.
(pdftex.def)             Requested size: 32.52141pt x 42.51874pt.


Package Fancyhdr Warning: \footskip is too small (42.0pt): 
 Make it at least 42.51874pt.
 We now make it that large for the rest of the document.
 This may cause the page layout to be inconsistent, however.

[16]
Underfull \hbox (badness 10000) in paragraph at lines 383--384

 []


Package Fancyhdr Warning: \headheight is too small (12.0pt): 
 Make it at least 14.49998pt.
 We now make it that large for the rest of the document.
 This may cause the page layout to be inconsistent, however.

File: images/etseib-logo.png Graphic file (type png)
<use images/etseib-logo.png>
Package pdftex.def Info: images/etseib-logo.png used on input line 393.
(pdftex.def)             Requested size: 32.52141pt x 42.51874pt.


Package Fancyhdr Warning: \footskip is too small (42.0pt): 
 Make it at least 42.51874pt.
 We now make it that large for the rest of the document.
 This may cause the page layout to be inconsistent, however.

[17]

Package Fancyhdr Warning: \headheight is too small (12.0pt): 
 Make it at least 14.49998pt.
 We now make it that large for the rest of the document.
 This may cause the page layout to be inconsistent, however.

File: images/etseib-logo.png Graphic file (type png)
<use images/etseib-logo.png>
Package pdftex.def Info: images/etseib-logo.png used on input line 405.
(pdftex.def)             Requested size: 32.52141pt x 42.51874pt.


Package Fancyhdr Warning: \footskip is too small (42.0pt): 
 Make it at least 42.51874pt.
 We now make it that large for the rest of the document.
 This may cause the page layout to be inconsistent, however.

[18]
Underfull \hbox (badness 10000) in paragraph at lines 420--421

 []


Underfull \vbox (badness 2088) has occurred while \output is active []



Package Fancyhdr Warning: \headheight is too small (12.0pt): 
 Make it at least 14.49998pt.
 We now make it that large for the rest of the document.
 This may cause the page layout to be inconsistent, however.

File: images/etseib-logo.png Graphic file (type png)
<use images/etseib-logo.png>
Package pdftex.def Info: images/etseib-logo.png used on input line 421.
(pdftex.def)             Requested size: 32.52141pt x 42.51874pt.


Package Fancyhdr Warning: \footskip is too small (42.0pt): 
 Make it at least 42.51874pt.
 We now make it that large for the rest of the document.
 This may cause the page layout to be inconsistent, however.

[19] <images/KS103.png, id=601, 380.42125pt x 241.90375pt>
File: images/KS103.png Graphic file (type png)

<use images/KS103.png>
Package pdftex.def Info: images/KS103.png used on input line 424.
(pdftex.def)             Requested size: 152.16579pt x 96.75978pt.

Underfull \hbox (badness 10000) in paragraph at lines 429--430

 []

<images/KS103_diagram.png, id=602, 758.08218pt x 679.78969pt>
File: images/KS103_diagram.png Graphic file (type png)

<use images/KS103_diagram.png>
Package pdftex.def Info: images/KS103_diagram.png used on input line 433.
(pdftex.def)             Requested size: 151.61374pt x 135.95552pt.

Underfull \hbox (badness 10000) in paragraph at lines 443--444

 []


Package Fancyhdr Warning: \headheight is too small (12.0pt): 
 Make it at least 14.49998pt.
 We now make it that large for the rest of the document.
 This may cause the page layout to be inconsistent, however.

File: images/etseib-logo.png Graphic file (type png)
<use images/etseib-logo.png>
Package pdftex.def Info: images/etseib-logo.png used on input line 444.
(pdftex.def)             Requested size: 32.52141pt x 42.51874pt.


Package Fancyhdr Warning: \footskip is too small (42.0pt): 
 Make it at least 42.51874pt.
 We now make it that large for the rest of the document.
 This may cause the page layout to be inconsistent, however.

[20 <C:/Users/Joan/Documents/GitHub/WifiBotPi/LaTex/images/KS103.png> <C:/Users
/Joan/Documents/GitHub/WifiBotPi/LaTex/images/KS103_diagram.png>]
Underfull \hbox (badness 10000) in paragraph at lines 463--464

 []

<images/Lipo_PCM.png, id=609, 463.7325pt x 279.29344pt>
File: images/Lipo_PCM.png Graphic file (type png)

<use images/Lipo_PCM.png>
Package pdftex.def Info: images/Lipo_PCM.png used on input line 467.
(pdftex.def)             Requested size: 185.4897pt x 111.7154pt.

Underfull \hbox (badness 10000) in paragraph at lines 472--473

 []


Package Fancyhdr Warning: \headheight is too small (12.0pt): 
 Make it at least 14.49998pt.
 We now make it that large for the rest of the document.
 This may cause the page layout to be inconsistent, however.

File: images/etseib-logo.png Graphic file (type png)
<use images/etseib-logo.png>
Package pdftex.def Info: images/etseib-logo.png used on input line 473.
(pdftex.def)             Requested size: 32.52141pt x 42.51874pt.


Package Fancyhdr Warning: \footskip is too small (42.0pt): 
 Make it at least 42.51874pt.
 We now make it that large for the rest of the document.
 This may cause the page layout to be inconsistent, however.

[21 <C:/Users/Joan/Documents/GitHub/WifiBotPi/LaTex/images/Lipo_PCM.png>]
<images/TL-WR702N.png, id=616, 1445.4pt x 1289.56781pt>
File: images/TL-WR702N.png Graphic file (type png)

<use images/TL-WR702N.png>
Package pdftex.def Info: images/TL-WR702N.png used on input line 481.
(pdftex.def)             Requested size: 216.80064pt x 193.42682pt.

Underfull \hbox (badness 10000) in paragraph at lines 486--487

 []


Package Fancyhdr Warning: \headheight is too small (12.0pt): 
 Make it at least 14.49998pt.
 We now make it that large for the rest of the document.
 This may cause the page layout to be inconsistent, however.

File: images/etseib-logo.png Graphic file (type png)
<use images/etseib-logo.png>
Package pdftex.def Info: images/etseib-logo.png used on input line 490.
(pdftex.def)             Requested size: 32.52141pt x 42.51874pt.


Package Fancyhdr Warning: \footskip is too small (42.0pt): 
 Make it at least 42.51874pt.
 We now make it that large for the rest of the document.
 This may cause the page layout to be inconsistent, however.

[22 <C:/Users/Joan/Documents/GitHub/WifiBotPi/LaTex/images/TL-WR702N.png>]
Underfull \hbox (badness 10000) in paragraph at lines 492--493

 []

<images/switch_comparative.png, id=622, 1184.17406pt x 321.45094pt>
File: images/switch_comparative.png Graphic file (type png)

<use images/switch_comparative.png>
Package pdftex.def Info: images/switch_comparative.png used on input line 496.
(pdftex.def)             Requested size: 414.46713pt x 112.5095pt.

<images/LS7366.png, id=623, 859.21pt x 879.285pt>
File: images/LS7366.png Graphic file (type png)
 <use images/LS7366.png>
Package pdftex.def Info: images/LS7366.png used on input line 508.
(pdftex.def)             Requested size: 128.87593pt x 131.88705pt.

Underfull \hbox (badness 10000) in paragraph at lines 513--514

 []


Package Fancyhdr Warning: \headheight is too small (12.0pt): 
 Make it at least 14.49998pt.
 We now make it that large for the rest of the document.
 This may cause the page layout to be inconsistent, however.

File: images/etseib-logo.png Graphic file (type png)
<use images/etseib-logo.png>
Package pdftex.def Info: images/etseib-logo.png used on input line 514.
(pdftex.def)             Requested size: 32.52141pt x 42.51874pt.


Package Fancyhdr Warning: \footskip is too small (42.0pt): 
 Make it at least 42.51874pt.
 We now make it that large for the rest of the document.
 This may cause the page layout to be inconsistent, however.

[23 <C:/Users/Joan/Documents/GitHub/WifiBotPi/LaTex/images/switch_comparative.p
ng>] <images/level_shifter_circuit.png, id=629, 1263.97218pt x 475.7775pt>
File: images/level_shifter_circuit.png Graphic file (type png)

<use images/level_shifter_circuit.png>
Package pdftex.def Info: images/level_shifter_circuit.png used on input line 52
1.
(pdftex.def)             Requested size: 379.19458pt x 142.73434pt.

<images/bss138_diagram.png, id=630, 364.36125pt x 316.93407pt>
File: images/bss138_diagram.png Graphic file (type png)

<use images/bss138_diagram.png>
Package pdftex.def Info: images/bss138_diagram.png used on input line 528.
(pdftex.def)             Requested size: 109.3092pt x 95.08095pt.

Underfull \hbox (badness 10000) in paragraph at lines 533--534

 []


Package Fancyhdr Warning: \headheight is too small (12.0pt): 
 Make it at least 14.49998pt.
 We now make it that large for the rest of the document.
 This may cause the page layout to be inconsistent, however.

File: images/etseib-logo.png Graphic file (type png)
<use images/etseib-logo.png>
Package pdftex.def Info: images/etseib-logo.png used on input line 536.
(pdftex.def)             Requested size: 32.52141pt x 42.51874pt.


Package Fancyhdr Warning: \footskip is too small (42.0pt): 
 Make it at least 42.51874pt.
 We now make it that large for the rest of the document.
 This may cause the page layout to be inconsistent, however.

[24 <C:/Users/Joan/Documents/GitHub/WifiBotPi/LaTex/images/LS7366.png> <C:/User
s/Joan/Documents/GitHub/WifiBotPi/LaTex/images/level_shifter_circuit.png>]
<images/MCP3428_pin_diagram.png, id=638, 372.64218pt x 356.0803pt>
File: images/MCP3428_pin_diagram.png Graphic file (type png)

<use images/MCP3428_pin_diagram.png>
Package pdftex.def Info: images/MCP3428_pin_diagram.png used on input line 546.

(pdftex.def)             Requested size: 111.7935pt x 106.8249pt.


Package Fancyhdr Warning: \headheight is too small (12.0pt): 
 Make it at least 14.49998pt.
 We now make it that large for the rest of the document.
 This may cause the page layout to be inconsistent, however.

File: images/etseib-logo.png Graphic file (type png)
<use images/etseib-logo.png>
Package pdftex.def Info: images/etseib-logo.png used on input line 554.
(pdftex.def)             Requested size: 32.52141pt x 42.51874pt.


Package Fancyhdr Warning: \footskip is too small (42.0pt): 
 Make it at least 42.51874pt.
 We now make it that large for the rest of the document.
 This may cause the page layout to be inconsistent, however.

[25 <C:/Users/Joan/Documents/GitHub/WifiBotPi/LaTex/images/bss138_diagram.png> 
<C:/Users/Joan/Documents/GitHub/WifiBotPi/LaTex/images/MCP3428_pin_diagram.png>
] <images/LM3914_pin_diagram.png, id=643, 934.24031pt x 425.33907pt>
File: images/LM3914_pin_diagram.png Graphic file (type png)

<use images/LM3914_pin_diagram.png>
Package pdftex.def Info: images/LM3914_pin_diagram.png used on input line 557.
(pdftex.def)             Requested size: 280.27426pt x 127.60269pt.

<images/LM2596.png, id=644, 1123.19624pt x 267.24844pt>
File: images/LM2596.png Graphic file (type png)

<use images/LM2596.png>
Package pdftex.def Info: images/LM2596.png used on input line 568.
(pdftex.def)             Requested size: 393.12457pt x 93.53835pt.


Package Fancyhdr Warning: \headheight is too small (12.0pt): 
 Make it at least 14.49998pt.
 We now make it that large for the rest of the document.
 This may cause the page layout to be inconsistent, however.

File: images/etseib-logo.png Graphic file (type png)
<use images/etseib-logo.png>
Package pdftex.def Info: images/etseib-logo.png used on input line 574.
(pdftex.def)             Requested size: 32.52141pt x 42.51874pt.


Package Fancyhdr Warning: \footskip is too small (42.0pt): 
 Make it at least 42.51874pt.
 We now make it that large for the rest of the document.
 This may cause the page layout to be inconsistent, however.

[26 <C:/Users/Joan/Documents/GitHub/WifiBotPi/LaTex/images/LM3914_pin_diagram.p
ng> <C:/Users/Joan/Documents/GitHub/WifiBotPi/LaTex/images/LM2596.png>]
<images/bobina_graph.png, id=650, 579.66562pt x 557.08125pt>
File: images/bobina_graph.png Graphic file (type png)

<use images/bobina_graph.png>
Package pdftex.def Info: images/bobina_graph.png used on input line 577.
(pdftex.def)             Requested size: 173.90102pt x 167.12566pt.

Underfull \hbox (badness 10000) in paragraph at lines 583--584

 []

<images/L298_pin_diagram.png, id=651, 889.07156pt x 583.42969pt>
File: images/L298_pin_diagram.png Graphic file (type png)

<use images/L298_pin_diagram.png>
Package pdftex.def Info: images/L298_pin_diagram.png used on input line 587.
(pdftex.def)             Requested size: 222.26735pt x 145.85706pt.

Underfull \hbox (badness 10000) in paragraph at lines 595--596

 []


Package Fancyhdr Warning: \headheight is too small (12.0pt): 
 Make it at least 14.49998pt.
 We now make it that large for the rest of the document.
 This may cause the page layout to be inconsistent, however.

File: images/etseib-logo.png Graphic file (type png)
<use images/etseib-logo.png>
Package pdftex.def Info: images/etseib-logo.png used on input line 596.
(pdftex.def)             Requested size: 32.52141pt x 42.51874pt.


Package Fancyhdr Warning: \footskip is too small (42.0pt): 
 Make it at least 42.51874pt.
 We now make it that large for the rest of the document.
 This may cause the page layout to be inconsistent, however.

[27 <C:/Users/Joan/Documents/GitHub/WifiBotPi/LaTex/images/bobina_graph.png> <C
:/Users/Joan/Documents/GitHub/WifiBotPi/LaTex/images/L298_pin_diagram.png>]
<images/SecurePi_comparation.png, id=659, 641.89418pt x 315.82559pt>
File: images/SecurePi_comparation.png Graphic file (type png)

<use images/SecurePi_comparation.png>
Package pdftex.def Info: images/SecurePi_comparation.png used on input line 604
.
(pdftex.def)             Requested size: 385.13948pt x 189.49681pt.

Underfull \hbox (badness 10000) in paragraph at lines 609--610

 []


Package Fancyhdr Warning: \headheight is too small (12.0pt): 
 Make it at least 14.49998pt.
 We now make it that large for the rest of the document.
 This may cause the page layout to be inconsistent, however.

File: images/etseib-logo.png Graphic file (type png)
<use images/etseib-logo.png>
Package pdftex.def Info: images/etseib-logo.png used on input line 612.
(pdftex.def)             Requested size: 32.52141pt x 42.51874pt.


Package Fancyhdr Warning: \footskip is too small (42.0pt): 
 Make it at least 42.51874pt.
 We now make it that large for the rest of the document.
 This may cause the page layout to be inconsistent, however.

[28 <C:/Users/Joan/Documents/GitHub/WifiBotPi/LaTex/images/SecurePi_comparation
.png>] <images/SecurePi_mounted.png, id=666, 386.19281pt x 410.2828pt>
File: images/SecurePi_mounted.png Graphic file (type png)

<use images/SecurePi_mounted.png>
Package pdftex.def Info: images/SecurePi_mounted.png used on input line 615.
(pdftex.def)             Requested size: 154.47438pt x 164.11021pt.

Underfull \hbox (badness 10000) in paragraph at lines 621--622

 []


Underfull \hbox (badness 10000) in paragraph at lines 623--624

 []


Underfull \hbox (badness 10000) in paragraph at lines 628--629

 []


Package Fancyhdr Warning: \headheight is too small (12.0pt): 
 Make it at least 14.49998pt.
 We now make it that large for the rest of the document.
 This may cause the page layout to be inconsistent, however.

File: images/etseib-logo.png Graphic file (type png)
<use images/etseib-logo.png>
Package pdftex.def Info: images/etseib-logo.png used on input line 629.
(pdftex.def)             Requested size: 32.52141pt x 42.51874pt.


Package Fancyhdr Warning: \footskip is too small (42.0pt): 
 Make it at least 42.51874pt.
 We now make it that large for the rest of the document.
 This may cause the page layout to be inconsistent, however.

[29 <C:/Users/Joan/Documents/GitHub/WifiBotPi/LaTex/images/SecurePi_mounted.png
>]

Package Fancyhdr Warning: \headheight is too small (12.0pt): 
 Make it at least 14.49998pt.
 We now make it that large for the rest of the document.
 This may cause the page layout to be inconsistent, however.

File: images/etseib-logo.png Graphic file (type png)
<use images/etseib-logo.png>
Package pdftex.def Info: images/etseib-logo.png used on input line 632.
(pdftex.def)             Requested size: 32.52141pt x 42.51874pt.


Package Fancyhdr Warning: \footskip is too small (42.0pt): 
 Make it at least 42.51874pt.
 We now make it that large for the rest of the document.
 This may cause the page layout to be inconsistent, however.

[30]
Underfull \hbox (badness 10000) in paragraph at lines 638--639

 []

<images/esquema_power.png, id=677, 1294.8375pt x 344.78813pt>
File: images/esquema_power.png Graphic file (type png)

<use images/esquema_power.png>
Package pdftex.def Info: images/esquema_power.png used on input line 642.
(pdftex.def)             Requested size: 479.08237pt x 127.5696pt.

Overfull \hbox (7.05113pt too wide) in paragraph at lines 642--643
 [][] 
 []

<images/esquema_5V.png, id=678, 896.59969pt x 661.72218pt>
File: images/esquema_5V.png Graphic file (type png)

<use images/esquema_5V.png>
Package pdftex.def Info: images/esquema_5V.png used on input line 655.
(pdftex.def)             Requested size: 224.14937pt x 165.43013pt.

Underfull \vbox (badness 4765) has occurred while \output is active []



Package Fancyhdr Warning: \headheight is too small (12.0pt): 
 Make it at least 14.49998pt.
 We now make it that large for the rest of the document.
 This may cause the page layout to be inconsistent, however.

File: images/etseib-logo.png Graphic file (type png)
<use images/etseib-logo.png>
Package pdftex.def Info: images/etseib-logo.png used on input line 658.
(pdftex.def)             Requested size: 32.52141pt x 42.51874pt.


Package Fancyhdr Warning: \footskip is too small (42.0pt): 
 Make it at least 42.51874pt.
 We now make it that large for the rest of the document.
 This may cause the page layout to be inconsistent, however.

[31 <C:/Users/Joan/Documents/GitHub/WifiBotPi/LaTex/images/esquema_power.png>]
<images/esquema_sensor.png, id=684, 779.16093pt x 612.03656pt>
File: images/esquema_sensor.png Graphic file (type png)

<use images/esquema_sensor.png>
Package pdftex.def Info: images/esquema_sensor.png used on input line 666.
(pdftex.def)             Requested size: 303.87154pt x 238.6933pt.

Underfull \hbox (badness 10000) in paragraph at lines 671--672

 []


Package Fancyhdr Warning: \headheight is too small (12.0pt): 
 Make it at least 14.49998pt.
 We now make it that large for the rest of the document.
 This may cause the page layout to be inconsistent, however.

File: images/etseib-logo.png Graphic file (type png)
<use images/etseib-logo.png>
Package pdftex.def Info: images/etseib-logo.png used on input line 672.
(pdftex.def)             Requested size: 32.52141pt x 42.51874pt.


Package Fancyhdr Warning: \footskip is too small (42.0pt): 
 Make it at least 42.51874pt.
 We now make it that large for the rest of the document.
 This may cause the page layout to be inconsistent, however.

[32 <C:/Users/Joan/Documents/GitHub/WifiBotPi/LaTex/images/esquema_5V.png> <C:/
Users/Joan/Documents/GitHub/WifiBotPi/LaTex/images/esquema_sensor.png>]

Package Fancyhdr Warning: \headheight is too small (12.0pt): 
 Make it at least 14.49998pt.
 We now make it that large for the rest of the document.
 This may cause the page layout to be inconsistent, however.

File: images/etseib-logo.png Graphic file (type png)
<use images/etseib-logo.png>
Package pdftex.def Info: images/etseib-logo.png used on input line 678.
(pdftex.def)             Requested size: 32.52141pt x 42.51874pt.


Package Fancyhdr Warning: \footskip is too small (42.0pt): 
 Make it at least 42.51874pt.
 We now make it that large for the rest of the document.
 This may cause the page layout to be inconsistent, however.

[33]
Underfull \hbox (badness 10000) in paragraph at lines 683--684

 []

<images/pre_design.png, id=695, 967.36406pt x 678.28406pt>
File: images/pre_design.png Graphic file (type png)

<use images/pre_design.png>
Package pdftex.def Info: images/pre_design.png used on input line 687.
(pdftex.def)             Requested size: 415.95844pt x 291.65645pt.

Underfull \hbox (badness 10000) in paragraph at lines 692--693

 []


Package Fancyhdr Warning: \headheight is too small (12.0pt): 
 Make it at least 14.49998pt.
 We now make it that large for the rest of the document.
 This may cause the page layout to be inconsistent, however.

File: images/etseib-logo.png Graphic file (type png)
<use images/etseib-logo.png>
Package pdftex.def Info: images/etseib-logo.png used on input line 693.
(pdftex.def)             Requested size: 32.52141pt x 42.51874pt.


Package Fancyhdr Warning: \footskip is too small (42.0pt): 
 Make it at least 42.51874pt.
 We now make it that large for the rest of the document.
 This may cause the page layout to be inconsistent, however.

[34 <C:/Users/Joan/Documents/GitHub/WifiBotPi/LaTex/images/pre_design.png>]
<images/soportes.png, id=703, 560.0925pt x 469.00218pt>
File: images/soportes.png Graphic file (type png)

<use images/soportes.png>
Package pdftex.def Info: images/soportes.png used on input line 702.
(pdftex.def)             Requested size: 280.04556pt x 234.50052pt.

Underfull \hbox (badness 10000) in paragraph at lines 707--708

 []


Package Fancyhdr Warning: \headheight is too small (12.0pt): 
 Make it at least 14.49998pt.
 We now make it that large for the rest of the document.
 This may cause the page layout to be inconsistent, however.

File: images/etseib-logo.png Graphic file (type png)
<use images/etseib-logo.png>
Package pdftex.def Info: images/etseib-logo.png used on input line 708.
(pdftex.def)             Requested size: 32.52141pt x 42.51874pt.


Package Fancyhdr Warning: \footskip is too small (42.0pt): 
 Make it at least 42.51874pt.
 We now make it that large for the rest of the document.
 This may cause the page layout to be inconsistent, however.

[35 <C:/Users/Joan/Documents/GitHub/WifiBotPi/LaTex/images/soportes.png>]
<images/final_design.png, id=710, 1099.85907pt x 676.77844pt>
File: images/final_design.png Graphic file (type png)

<use images/final_design.png>
Package pdftex.def Info: images/final_design.png used on input line 716.
(pdftex.def)             Requested size: 494.932pt x 304.54749pt.

Overfull \hbox (22.90077pt too wide) in paragraph at lines 716--717
 [][] 
 []


Package Fancyhdr Warning: \headheight is too small (12.0pt): 
 Make it at least 14.49998pt.
 We now make it that large for the rest of the document.
 This may cause the page layout to be inconsistent, however.

File: images/etseib-logo.png Graphic file (type png)
<use images/etseib-logo.png>
Package pdftex.def Info: images/etseib-logo.png used on input line 722.
(pdftex.def)             Requested size: 32.52141pt x 42.51874pt.


Package Fancyhdr Warning: \footskip is too small (42.0pt): 
 Make it at least 42.51874pt.
 We now make it that large for the rest of the document.
 This may cause the page layout to be inconsistent, however.

[36 <C:/Users/Joan/Documents/GitHub/WifiBotPi/LaTex/images/final_design.png>]
<images/final_design2.png, id=715, 1119.43219pt x 639.13782pt>
File: images/final_design2.png Graphic file (type png)

<use images/final_design2.png>
Package pdftex.def Info: images/final_design2.png used on input line 725.
(pdftex.def)             Requested size: 481.34647pt x 274.8239pt.

Overfull \hbox (9.31523pt too wide) in paragraph at lines 725--726
 [][] 
 []


Package Fancyhdr Warning: \headheight is too small (12.0pt): 
 Make it at least 14.49998pt.
 We now make it that large for the rest of the document.
 This may cause the page layout to be inconsistent, however.

File: images/etseib-logo.png Graphic file (type png)
<use images/etseib-logo.png>
Package pdftex.def Info: images/etseib-logo.png used on input line 731.
(pdftex.def)             Requested size: 32.52141pt x 42.51874pt.


Package Fancyhdr Warning: \footskip is too small (42.0pt): 
 Make it at least 42.51874pt.
 We now make it that large for the rest of the document.
 This may cause the page layout to be inconsistent, however.

[37 <C:/Users/Joan/Documents/GitHub/WifiBotPi/LaTex/images/final_design2.png>]
Underfull \hbox (badness 10000) in paragraph at lines 736--737

 []

<images/barra.png, id=720, 1060.71281pt x 228.10219pt>
File: images/barra.png Graphic file (type png)
 <use images/barra.png>
Package pdftex.def Info: images/barra.png used on input line 740.
(pdftex.def)             Requested size: 456.09763pt x 98.08202pt.


Package Fancyhdr Warning: \headheight is too small (12.0pt): 
 Make it at least 14.49998pt.
 We now make it that large for the rest of the document.
 This may cause the page layout to be inconsistent, however.

File: images/etseib-logo.png Graphic file (type png)
<use images/etseib-logo.png>
Package pdftex.def Info: images/etseib-logo.png used on input line 746.
(pdftex.def)             Requested size: 32.52141pt x 42.51874pt.


Package Fancyhdr Warning: \footskip is too small (42.0pt): 
 Make it at least 42.51874pt.
 We now make it that large for the rest of the document.
 This may cause the page layout to be inconsistent, however.

[38 <C:/Users/Joan/Documents/GitHub/WifiBotPi/LaTex/images/barra.png>]
<images/couplings.png, id=726, 720.44156pt x 259.7203pt>
File: images/couplings.png Graphic file (type png)

<use images/couplings.png>
Package pdftex.def Info: images/couplings.png used on input line 751.
(pdftex.def)             Requested size: 309.78383pt x 111.67755pt.

<images/paneles.png, id=727, 3044.37375pt x 2739.23375pt>
File: images/paneles.png Graphic file (type png)

<use images/paneles.png>
Package pdftex.def Info: images/paneles.png used on input line 761.
(pdftex.def)             Requested size: 273.98181pt x 246.5204pt.


Package Fancyhdr Warning: \headheight is too small (12.0pt): 
 Make it at least 14.49998pt.
 We now make it that large for the rest of the document.
 This may cause the page layout to be inconsistent, however.

File: images/etseib-logo.png Graphic file (type png)
<use images/etseib-logo.png>
Package pdftex.def Info: images/etseib-logo.png used on input line 767.
(pdftex.def)             Requested size: 32.52141pt x 42.51874pt.


Package Fancyhdr Warning: \footskip is too small (42.0pt): 
 Make it at least 42.51874pt.
 We now make it that large for the rest of the document.
 This may cause the page layout to be inconsistent, however.

[39 <C:/Users/Joan/Documents/GitHub/WifiBotPi/LaTex/images/couplings.png> <C:/U
sers/Joan/Documents/GitHub/WifiBotPi/LaTex/images/paneles.png>]

Package Fancyhdr Warning: \headheight is too small (12.0pt): 
 Make it at least 14.49998pt.
 We now make it that large for the rest of the document.
 This may cause the page layout to be inconsistent, however.

File: images/etseib-logo.png Graphic file (type png)
<use images/etseib-logo.png>
Package pdftex.def Info: images/etseib-logo.png used on input line 771.
(pdftex.def)             Requested size: 32.52141pt x 42.51874pt.


Package Fancyhdr Warning: \footskip is too small (42.0pt): 
 Make it at least 42.51874pt.
 We now make it that large for the rest of the document.
 This may cause the page layout to be inconsistent, however.

[40]
Underfull \hbox (badness 10000) in paragraph at lines 776--777

 []

<images/montaje.png, id=739, 3863.43375pt x 1888.05376pt>
File: images/montaje.png Graphic file (type png)

<use images/montaje.png>
Package pdftex.def Info: images/montaje.png used on input line 782.
(pdftex.def)             Requested size: 463.59206pt x 226.55667pt.


Package Fancyhdr Warning: \headheight is too small (12.0pt): 
 Make it at least 14.49998pt.
 We now make it that large for the rest of the document.
 This may cause the page layout to be inconsistent, however.

File: images/etseib-logo.png Graphic file (type png)
<use images/etseib-logo.png>
Package pdftex.def Info: images/etseib-logo.png used on input line 789.
(pdftex.def)             Requested size: 32.52141pt x 42.51874pt.


Package Fancyhdr Warning: \footskip is too small (42.0pt): 
 Make it at least 42.51874pt.
 We now make it that large for the rest of the document.
 This may cause the page layout to be inconsistent, however.

[41 <C:/Users/Joan/Documents/GitHub/WifiBotPi/LaTex/images/montaje.png>]
<images/rospibot_finish.png, id=745, 2704.85532pt x 1723.1878pt>
File: images/rospibot_finish.png Graphic file (type png)

<use images/rospibot_finish.png>
Package pdftex.def Info: images/rospibot_finish.png used on input line 792.
(pdftex.def)             Requested size: 459.81932pt x 292.93805pt.


Package Fancyhdr Warning: \headheight is too small (12.0pt): 
 Make it at least 14.49998pt.
 We now make it that large for the rest of the document.
 This may cause the page layout to be inconsistent, however.

File: images/etseib-logo.png Graphic file (type png)
<use images/etseib-logo.png>
Package pdftex.def Info: images/etseib-logo.png used on input line 798.
(pdftex.def)             Requested size: 32.52141pt x 42.51874pt.


Package Fancyhdr Warning: \footskip is too small (42.0pt): 
 Make it at least 42.51874pt.
 We now make it that large for the rest of the document.
 This may cause the page layout to be inconsistent, however.

[42 <C:/Users/Joan/Documents/GitHub/WifiBotPi/LaTex/images/rospibot_finish.png>
]
Underfull \hbox (badness 10000) in paragraph at lines 803--804

 []


Underfull \hbox (badness 10000) in paragraph at lines 805--806

 []


Package Fancyhdr Warning: \headheight is too small (12.0pt): 
 Make it at least 14.49998pt.
 We now make it that large for the rest of the document.
 This may cause the page layout to be inconsistent, however.

File: images/etseib-logo.png Graphic file (type png)
<use images/etseib-logo.png>
Package pdftex.def Info: images/etseib-logo.png used on input line 809.
(pdftex.def)             Requested size: 32.52141pt x 42.51874pt.


Package Fancyhdr Warning: \footskip is too small (42.0pt): 
 Make it at least 42.51874pt.
 We now make it that large for the rest of the document.
 This may cause the page layout to be inconsistent, however.

[43] <images/win32disk.png, id=756, 280.04625pt x 136.71075pt>
File: images/win32disk.png Graphic file (type png)

<use images/win32disk.png>
Package pdftex.def Info: images/win32disk.png used on input line 818.
(pdftex.def)             Requested size: 280.04555pt x 136.7104pt.
LaTeX Font Info:    Try loading font information for T1+lmtt on input line 823.


("C:\Program Files (x86)\MiKTeX 2.9\tex\latex\lm\t1lmtt.fd"
File: t1lmtt.fd 2009/10/30 v1.6 Font defs for Latin Modern
)
LaTeX Font Info:    Font shape `T1/lmtt/bx/n' in size <12> not available
(Font)              Font shape `T1/lmtt/b/n' tried instead on input line 826.


Package Fancyhdr Warning: \headheight is too small (12.0pt): 
 Make it at least 14.49998pt.
 We now make it that large for the rest of the document.
 This may cause the page layout to be inconsistent, however.

File: images/etseib-logo.png Graphic file (type png)
<use images/etseib-logo.png>
Package pdftex.def Info: images/etseib-logo.png used on input line 827.
(pdftex.def)             Requested size: 32.52141pt x 42.51874pt.


Package Fancyhdr Warning: \footskip is too small (42.0pt): 
 Make it at least 42.51874pt.
 We now make it that large for the rest of the document.
 This may cause the page layout to be inconsistent, however.

[44 <C:/Users/Joan/Documents/GitHub/WifiBotPi/LaTex/images/win32disk.png>]
<images/dhcp.png, id=767, 416.2752pt x 102.1416pt>
File: images/dhcp.png Graphic file (type png)
 <use images/dhcp.png>
Package pdftex.def Info: images/dhcp.png used on input line 830.
(pdftex.def)             Requested size: 291.39066pt x 71.49863pt.

Underfull \hbox (badness 10000) in paragraph at lines 835--836

 []

<images/ssh.png, id=769, 480.34pt x 198.56pt>
File: images/ssh.png Graphic file (type png)
 <use images/ssh.png>
Package pdftex.def Info: images/ssh.png used on input line 839.
(pdftex.def)             Requested size: 384.27252pt x 158.84819pt.

<images/raspiconfig.png, id=770, 510.40688pt x 308.65312pt>
File: images/raspiconfig.png Graphic file (type png)

<use images/raspiconfig.png>
Package pdftex.def Info: images/raspiconfig.png used on input line 848.
(pdftex.def)             Requested size: 408.32605pt x 246.92282pt.


Package Fancyhdr Warning: \headheight is too small (12.0pt): 
 Make it at least 14.49998pt.
 We now make it that large for the rest of the document.
 This may cause the page layout to be inconsistent, however.

File: images/etseib-logo.png Graphic file (type png)
<use images/etseib-logo.png>
Package pdftex.def Info: images/etseib-logo.png used on input line 855.
(pdftex.def)             Requested size: 32.52141pt x 42.51874pt.


Package Fancyhdr Warning: \footskip is too small (42.0pt): 
 Make it at least 42.51874pt.
 We now make it that large for the rest of the document.
 This may cause the page layout to be inconsistent, however.

[45 <C:/Users/Joan/Documents/GitHub/WifiBotPi/LaTex/images/dhcp.png> <C:/Users/
Joan/Documents/GitHub/WifiBotPi/LaTex/images/ssh.png>]

Package Fancyhdr Warning: \headheight is too small (12.0pt): 
 Make it at least 14.49998pt.
 We now make it that large for the rest of the document.
 This may cause the page layout to be inconsistent, however.

File: images/etseib-logo.png Graphic file (type png)
<use images/etseib-logo.png>
Package pdftex.def Info: images/etseib-logo.png used on input line 872.
(pdftex.def)             Requested size: 32.52141pt x 42.51874pt.


Package Fancyhdr Warning: \footskip is too small (42.0pt): 
 Make it at least 42.51874pt.
 We now make it that large for the rest of the document.
 This may cause the page layout to be inconsistent, however.

[46 <C:/Users/Joan/Documents/GitHub/WifiBotPi/LaTex/images/raspiconfig.png>]
<images/blacklist.png, id=785, 473.51906pt x 177.66376pt>
File: images/blacklist.png Graphic file (type png)

<use images/blacklist.png>
Package pdftex.def Info: images/blacklist.png used on input line 875.
(pdftex.def)             Requested size: 378.81575pt x 142.13118pt.

<images/modules.png, id=786, 480.29437pt x 268.00125pt>
File: images/modules.png Graphic file (type png)

<use images/modules.png>
Package pdftex.def Info: images/modules.png used on input line 884.
(pdftex.def)             Requested size: 384.23601pt x 214.40128pt.


Package Fancyhdr Warning: \headheight is too small (12.0pt): 
 Make it at least 14.49998pt.
 We now make it that large for the rest of the document.
 This may cause the page layout to be inconsistent, however.

File: images/etseib-logo.png Graphic file (type png)
<use images/etseib-logo.png>
Package pdftex.def Info: images/etseib-logo.png used on input line 896.
(pdftex.def)             Requested size: 32.52141pt x 42.51874pt.


Package Fancyhdr Warning: \footskip is too small (42.0pt): 
 Make it at least 42.51874pt.
 We now make it that large for the rest of the document.
 This may cause the page layout to be inconsistent, however.

[47 <C:/Users/Joan/Documents/GitHub/WifiBotPi/LaTex/images/blacklist.png> <C:/U
sers/Joan/Documents/GitHub/WifiBotPi/LaTex/images/modules.png>]
LaTeX Font Info:    Font shape `T1/lmtt/bx/n' in size <8> not available
(Font)              Font shape `T1/lmtt/b/n' tried instead on input line 905.
LaTeX Font Info:    Font shape `T1/lmtt/bx/n' in size <6> not available
(Font)              Font shape `T1/lmtt/b/n' tried instead on input line 905.


Package Fancyhdr Warning: \headheight is too small (12.0pt): 
 Make it at least 14.49998pt.
 We now make it that large for the rest of the document.
 This may cause the page layout to be inconsistent, however.

File: images/etseib-logo.png Graphic file (type png)
<use images/etseib-logo.png>
Package pdftex.def Info: images/etseib-logo.png used on input line 911.
(pdftex.def)             Requested size: 32.52141pt x 42.51874pt.


Package Fancyhdr Warning: \footskip is too small (42.0pt): 
 Make it at least 42.51874pt.
 We now make it that large for the rest of the document.
 This may cause the page layout to be inconsistent, however.

[48]
Underfull \hbox (badness 10000) in paragraph at lines 913--914

 []


Underfull \hbox (badness 10000) in paragraph at lines 918--919

 []


Underfull \hbox (badness 10000) in paragraph at lines 920--921

 []


Underfull \hbox (badness 10000) in paragraph at lines 922--923

 []


Underfull \hbox (badness 10000) in paragraph at lines 924--925

 []


Package Fancyhdr Warning: \headheight is too small (12.0pt): 
 Make it at least 14.49998pt.
 We now make it that large for the rest of the document.
 This may cause the page layout to be inconsistent, however.

File: images/etseib-logo.png Graphic file (type png)
<use images/etseib-logo.png>
Package pdftex.def Info: images/etseib-logo.png used on input line 925.
(pdftex.def)             Requested size: 32.52141pt x 42.51874pt.


Package Fancyhdr Warning: \footskip is too small (42.0pt): 
 Make it at least 42.51874pt.
 We now make it that large for the rest of the document.
 This may cause the page layout to be inconsistent, however.

[49]

Package Fancyhdr Warning: \headheight is too small (12.0pt): 
 Make it at least 14.49998pt.
 We now make it that large for the rest of the document.
 This may cause the page layout to be inconsistent, however.

File: images/etseib-logo.png Graphic file (type png)
<use images/etseib-logo.png>
Package pdftex.def Info: images/etseib-logo.png used on input line 931.
(pdftex.def)             Requested size: 32.52141pt x 42.51874pt.


Package Fancyhdr Warning: \footskip is too small (42.0pt): 
 Make it at least 42.51874pt.
 We now make it that large for the rest of the document.
 This may cause the page layout to be inconsistent, however.

[50]
Underfull \hbox (badness 10000) in paragraph at lines 933--934

 []


Overfull \hbox (4.65271pt too wide) in paragraph at lines 935--936
\T1/lmr/bx/n/12 root\T1/lmr/m/n/12 . Pa-ra que el usua-rio root tam-bin pue-da
 ha-cer uso, se ha edi-ta-do el ar-chi-vo \T1/lmr/bx/n/12 /etc/sudoers
 []


Underfull \hbox (badness 10000) in paragraph at lines 935--936

 []


Underfull \hbox (badness 10000) in paragraph at lines 940--941

 []


Underfull \hbox (badness 10000) in paragraph at lines 942--943

 []


Underfull \hbox (badness 10000) in paragraph at lines 944--945

 []


Underfull \hbox (badness 10000) in paragraph at lines 946--947

 []


Underfull \hbox (badness 10000) in paragraph at lines 948--949

 []


Package Fancyhdr Warning: \headheight is too small (12.0pt): 
 Make it at least 14.49998pt.
 We now make it that large for the rest of the document.
 This may cause the page layout to be inconsistent, however.

File: images/etseib-logo.png Graphic file (type png)
<use images/etseib-logo.png>
Package pdftex.def Info: images/etseib-logo.png used on input line 950.
(pdftex.def)             Requested size: 32.52141pt x 42.51874pt.


Package Fancyhdr Warning: \footskip is too small (42.0pt): 
 Make it at least 42.51874pt.
 We now make it that large for the rest of the document.
 This may cause the page layout to be inconsistent, however.

[51]
Underfull \hbox (badness 10000) in paragraph at lines 950--951

 []


Underfull \hbox (badness 10000) in paragraph at lines 952--953

 []


Underfull \hbox (badness 10000) in paragraph at lines 954--955

 []


Package Fancyhdr Warning: \headheight is too small (12.0pt): 
 Make it at least 14.49998pt.
 We now make it that large for the rest of the document.
 This may cause the page layout to be inconsistent, however.

File: images/etseib-logo.png Graphic file (type png)
<use images/etseib-logo.png>
Package pdftex.def Info: images/etseib-logo.png used on input line 959.
(pdftex.def)             Requested size: 32.52141pt x 42.51874pt.


Package Fancyhdr Warning: \footskip is too small (42.0pt): 
 Make it at least 42.51874pt.
 We now make it that large for the rest of the document.
 This may cause the page layout to be inconsistent, however.

[52]
Underfull \hbox (badness 10000) in paragraph at lines 961--962

 []


Underfull \hbox (badness 10000) in paragraph at lines 963--964

 []


Underfull \hbox (badness 10000) in paragraph at lines 965--966

 []


Overfull \hbox (1.14816pt too wide) in paragraph at lines 970--971
[]\T1/lmtt/b/n/12 sudo sh -c $[]$echo ''deb http://64.91.227.57/repos/rospbian 
wheezy main'' >
 []


Underfull \hbox (badness 10000) in paragraph at lines 973--974

 []


Package Fancyhdr Warning: \headheight is too small (12.0pt): 
 Make it at least 14.49998pt.
 We now make it that large for the rest of the document.
 This may cause the page layout to be inconsistent, however.

File: images/etseib-logo.png Graphic file (type png)
<use images/etseib-logo.png>
Package pdftex.def Info: images/etseib-logo.png used on input line 982.
(pdftex.def)             Requested size: 32.52141pt x 42.51874pt.


Package Fancyhdr Warning: \footskip is too small (42.0pt): 
 Make it at least 42.51874pt.
 We now make it that large for the rest of the document.
 This may cause the page layout to be inconsistent, however.

[53]
Underfull \hbox (badness 10000) in paragraph at lines 983--984

 []


Underfull \hbox (badness 10000) in paragraph at lines 993--994

 []


Package hyperref Warning: Token not allowed in a PDF string (PDFDocEncoding):
(hyperref)                removing `math shift' on input line 996.


Package hyperref Warning: Token not allowed in a PDF string (PDFDocEncoding):
(hyperref)                removing `math shift' on input line 996.


Underfull \hbox (badness 10000) in paragraph at lines 1004--1005

 []


Package Fancyhdr Warning: \headheight is too small (12.0pt): 
 Make it at least 14.49998pt.
 We now make it that large for the rest of the document.
 This may cause the page layout to be inconsistent, however.

File: images/etseib-logo.png Graphic file (type png)
<use images/etseib-logo.png>
Package pdftex.def Info: images/etseib-logo.png used on input line 1008.
(pdftex.def)             Requested size: 32.52141pt x 42.51874pt.


Package Fancyhdr Warning: \footskip is too small (42.0pt): 
 Make it at least 42.51874pt.
 We now make it that large for the rest of the document.
 This may cause the page layout to be inconsistent, however.

[54]

Package Fancyhdr Warning: \headheight is too small (12.0pt): 
 Make it at least 14.49998pt.
 We now make it that large for the rest of the document.
 This may cause the page layout to be inconsistent, however.

File: images/etseib-logo.png Graphic file (type png)
<use images/etseib-logo.png>
Package pdftex.def Info: images/etseib-logo.png used on input line 1011.
(pdftex.def)             Requested size: 32.52141pt x 42.51874pt.


Package Fancyhdr Warning: \footskip is too small (42.0pt): 
 Make it at least 42.51874pt.
 We now make it that large for the rest of the document.
 This may cause the page layout to be inconsistent, however.

[55]

Package Fancyhdr Warning: \headheight is too small (12.0pt): 
 Make it at least 14.49998pt.
 We now make it that large for the rest of the document.
 This may cause the page layout to be inconsistent, however.

File: images/etseib-logo.png Graphic file (type png)
<use images/etseib-logo.png>
Package pdftex.def Info: images/etseib-logo.png used on input line 1014.
(pdftex.def)             Requested size: 32.52141pt x 42.51874pt.


Package Fancyhdr Warning: \footskip is too small (42.0pt): 
 Make it at least 42.51874pt.
 We now make it that large for the rest of the document.
 This may cause the page layout to be inconsistent, however.

[56]

Package Fancyhdr Warning: \headheight is too small (12.0pt): 
 Make it at least 14.49998pt.
 We now make it that large for the rest of the document.
 This may cause the page layout to be inconsistent, however.

File: images/etseib-logo.png Graphic file (type png)
<use images/etseib-logo.png>
Package pdftex.def Info: images/etseib-logo.png used on input line 1017.
(pdftex.def)             Requested size: 32.52141pt x 42.51874pt.


Package Fancyhdr Warning: \footskip is too small (42.0pt): 
 Make it at least 42.51874pt.
 We now make it that large for the rest of the document.
 This may cause the page layout to be inconsistent, however.

[57]

Package Fancyhdr Warning: \headheight is too small (12.0pt): 
 Make it at least 14.49998pt.
 We now make it that large for the rest of the document.
 This may cause the page layout to be inconsistent, however.

File: images/etseib-logo.png Graphic file (type png)
<use images/etseib-logo.png>
Package pdftex.def Info: images/etseib-logo.png used on input line 1020.
(pdftex.def)             Requested size: 32.52141pt x 42.51874pt.


Package Fancyhdr Warning: \footskip is too small (42.0pt): 
 Make it at least 42.51874pt.
 We now make it that large for the rest of the document.
 This may cause the page layout to be inconsistent, however.

[58]
Package atveryend Info: Empty hook `BeforeClearDocument' on input line 1032.


Package Fancyhdr Warning: \headheight is too small (12.0pt): 
 Make it at least 14.49998pt.
 We now make it that large for the rest of the document.
 This may cause the page layout to be inconsistent, however.

File: images/etseib-logo.png Graphic file (type png)
<use images/etseib-logo.png>
Package pdftex.def Info: images/etseib-logo.png used on input line 1032.
(pdftex.def)             Requested size: 32.52141pt x 42.51874pt.


Package Fancyhdr Warning: \footskip is too small (42.0pt): 
 Make it at least 42.51874pt.
 We now make it that large for the rest of the document.
 This may cause the page layout to be inconsistent, however.

[59]
Package atveryend Info: Empty hook `AfterLastShipout' on input line 1032.
 (C:\Users\Joan\Documents\GitHub\WifiBotPi\LaTex\RosPiBot.aux)
Package atveryend Info: Executing hook `AtVeryEndDocument' on input line 1032.
Package atveryend Info: Executing hook `AtEndAfterFileList' on input line 1032.

Package rerunfilecheck Info: File `RosPiBot.out' has not changed.
(rerunfilecheck)             Checksum: 9580D8F69D2E84DC3FF0A22DBC8D1935;5664.
 ) 
Here is how much of TeX's memory you used:
 12488 strings out of 494045
 185589 string characters out of 3146017
 347890 words of memory out of 3000000
 15304 multiletter control sequences out of 15000+200000
 76858 words of font info for 55 fonts, out of 3000000 for 9000
 715 hyphenation exceptions out of 8191
 46i,15n,57p,1758b,638s stack positions out of 5000i,500n,10000p,200000b,50000s
{C:/Program Files (x86)/MiKTeX 2.9/fonts/enc/dvips/lm/lm-ec.enc}{C:/Program F
iles (x86)/MiKTeX 2.9/fonts/enc/dvips/lm/lm-mathsy.enc}{C:/Program Files (x86)/
MiKTeX 2.9/fonts/enc/dvips/lm/lm-mathit.enc}{C:/Program Files (x86)/MiKTeX 2.9/
fonts/enc/dvips/lm/lm-rm.enc}<C:/Program Files (x86)/MiKTeX 2.9/fonts/type1/pub
lic/lm/lmbx10.pfb><C:/Program Files (x86)/MiKTeX 2.9/fonts/type1/public/lm/lmbx
12.pfb><C:/Program Files (x86)/MiKTeX 2.9/fonts/type1/public/lm/lmcsc10.pfb><C:
/Program Files (x86)/MiKTeX 2.9/fonts/type1/public/lm/lmmi12.pfb><C:/Program Fi
les (x86)/MiKTeX 2.9/fonts/type1/public/lm/lmr10.pfb><C:/Program Files (x86)/Mi
KTeX 2.9/fonts/type1/public/lm/lmr12.pfb><C:/Program Files (x86)/MiKTeX 2.9/fon
ts/type1/public/lm/lmr17.pfb><C:/Program Files (x86)/MiKTeX 2.9/fonts/type1/pub
lic/lm/lmr8.pfb><C:/Program Files (x86)/MiKTeX 2.9/fonts/type1/public/lm/lmri12
.pfb><C:/Program Files (x86)/MiKTeX 2.9/fonts/type1/public/lm/lmsy10.pfb><C:/Pr
ogram Files (x86)/MiKTeX 2.9/fonts/type1/public/lm/lmsy8.pfb><C:/Program Files 
(x86)/MiKTeX 2.9/fonts/type1/public/lm/lmtk10.pfb><C:/Program Files (x86)/MiKTe
X 2.9/fonts/type1/public/lm/lmtt12.pfb>
Output written on RosPiBot.pdf (63 pages, 28421008 bytes).
PDF statistics:
 939 PDF objects out of 1000 (max. 8388607)
 187 named destinations out of 1000 (max. 500000)
 830 words of extra memory for PDF output out of 10000 (max. 10000000)

