\BOOKMARK [1][-]{section*.1}{Resumen}{}% 1
\BOOKMARK [1][-]{section*.3}{\315ndice de figuras}{}% 2
\BOOKMARK [1][-]{section*.4}{\315ndice de tablas}{}% 3
\BOOKMARK [1][-]{section*.6}{Acr\363nimos}{}% 4
\BOOKMARK [1][-]{section.1}{Introducci\363n}{}% 5
\BOOKMARK [2][-]{subsection.1.1}{Estado del arte}{section.1}% 6
\BOOKMARK [2][-]{subsection.1.2}{Alcance}{section.1}% 7
\BOOKMARK [2][-]{subsection.1.3}{Objetivos}{section.1}% 8
\BOOKMARK [1][-]{section.2}{Descripci\363n }{}% 9
\BOOKMARK [2][-]{subsection.2.1}{WifiBot}{section.2}% 10
\BOOKMARK [3][-]{subsubsection.2.1.1}{Caracter\355sticas}{subsection.2.1}% 11
\BOOKMARK [3][-]{subsubsection.2.1.2}{Estructura}{subsection.2.1}% 12
\BOOKMARK [3][-]{subsubsection.2.1.3}{Grupo Motriz}{subsection.2.1}% 13
\BOOKMARK [3][-]{subsubsection.2.1.4}{Codificador \363ptico de cuadratura}{subsection.2.1}% 14
\BOOKMARK [3][-]{subsubsection.2.1.5}{Estado Inicial}{subsection.2.1}% 15
\BOOKMARK [2][-]{subsection.2.2}{Raspberry Pi}{section.2}% 16
\BOOKMARK [3][-]{subsubsection.2.2.1}{Caracter\355sticas}{subsection.2.2}% 17
\BOOKMARK [1][-]{section.3}{Especificaciones}{}% 18
\BOOKMARK [2][-]{subsection.3.1}{Software}{section.3}% 19
\BOOKMARK [3][-]{subsubsection.3.1.1}{Web}{subsection.3.1}% 20
\BOOKMARK [3][-]{subsubsection.3.1.2}{Librer\355as}{subsection.3.1}% 21
\BOOKMARK [2][-]{subsection.3.2}{Electr\363nica}{section.3}% 22
\BOOKMARK [3][-]{subsubsection.3.2.1}{Funcionamiento}{subsection.3.2}% 23
\BOOKMARK [3][-]{subsubsection.3.2.2}{Alimentaci\363n}{subsection.3.2}% 24
\BOOKMARK [3][-]{subsubsection.3.2.3}{L\363gica}{subsection.3.2}% 25
\BOOKMARK [3][-]{subsubsection.3.2.4}{Comunicaci\363n}{subsection.3.2}% 26
\BOOKMARK [2][-]{subsection.3.3}{Mec\341nica}{section.3}% 27
\BOOKMARK [3][-]{subsubsection.3.3.1}{Estructura}{subsection.3.3}% 28
\BOOKMARK [3][-]{subsubsection.3.3.2}{Tornilleria}{subsection.3.3}% 29
\BOOKMARK [1][-]{section.4}{Modificaciones}{}% 30
\BOOKMARK [2][-]{subsection.4.1}{ Componentes Electr\363nicos}{section.4}% 31
\BOOKMARK [3][-]{subsubsection.4.1.1}{Motorizaci\363n}{subsection.4.1}% 32
\BOOKMARK [3][-]{subsubsection.4.1.2}{Sensores de proximidad}{subsection.4.1}% 33
\BOOKMARK [3][-]{subsubsection.4.1.3}{Bater\355a}{subsection.4.1}% 34
\BOOKMARK [3][-]{subsubsection.4.1.4}{Punto de acceso WiFi}{subsection.4.1}% 35
\BOOKMARK [3][-]{subsubsection.4.1.5}{Conmutador de red}{subsection.4.1}% 36
\BOOKMARK [3][-]{subsubsection.4.1.6}{Descodificador de cuadratura}{subsection.4.1}% 37
\BOOKMARK [3][-]{subsubsection.4.1.7}{Adaptador de nivel de tensi\363n}{subsection.4.1}% 38
\BOOKMARK [3][-]{subsubsection.4.1.8}{Lectura de valores anal\363gicos}{subsection.4.1}% 39
\BOOKMARK [3][-]{subsubsection.4.1.9}{Monitorizaci\363n de la Bater\355a}{subsection.4.1}% 40
\BOOKMARK [3][-]{subsubsection.4.1.10}{Alimentaci\363n de l\363gica}{subsection.4.1}% 41
\BOOKMARK [3][-]{subsubsection.4.1.11}{Control de motores}{subsection.4.1}% 42
\BOOKMARK [2][-]{subsection.4.2}{Integraci\363n de los componentes}{section.4}% 43
\BOOKMARK [3][-]{subsubsection.4.2.1}{SecurePi}{subsection.4.2}% 44
\BOOKMARK [3][-]{subsubsection.4.2.2}{SensorPi}{subsection.4.2}% 45
\BOOKMARK [3][-]{subsubsection.4.2.3}{MotorPi}{subsection.4.2}% 46
\BOOKMARK [2][-]{subsection.4.3}{Conexionado}{section.4}% 47
\BOOKMARK [3][-]{subsubsection.4.3.1}{Potencia}{subsection.4.3}% 48
\BOOKMARK [3][-]{subsubsection.4.3.2}{Alimentaci\363n de l\363gica}{subsection.4.3}% 49
\BOOKMARK [3][-]{subsubsection.4.3.3}{Cableado SensorPi}{subsection.4.3}% 50
\BOOKMARK [3][-]{subsubsection.4.3.4}{Comunicaci\363n}{subsection.4.3}% 51
\BOOKMARK [2][-]{subsection.4.4}{Distribuci\363n interna}{section.4}% 52
\BOOKMARK [3][-]{subsubsection.4.4.1}{Dise\361o preliminar}{subsection.4.4}% 53
\BOOKMARK [3][-]{subsubsection.4.4.2}{Soportes}{subsection.4.4}% 54
\BOOKMARK [3][-]{subsubsection.4.4.3}{Dise\361o Final}{subsection.4.4}% 55
\BOOKMARK [2][-]{subsection.4.5}{Componentes mec\341nicos}{section.4}% 56
\BOOKMARK [3][-]{subsubsection.4.5.1}{Mecanizados}{subsection.4.5}% 57
\BOOKMARK [3][-]{subsubsection.4.5.2}{Paneles}{subsection.4.5}% 58
\BOOKMARK [3][-]{subsubsection.4.5.3}{Torniller\355a}{subsection.4.5}% 59
\BOOKMARK [2][-]{subsection.4.6}{Montaje}{section.4}% 60
\BOOKMARK [3][-]{subsubsection.4.6.1}{Grupos individuales}{subsection.4.6}% 61
\BOOKMARK [3][-]{subsubsection.4.6.2}{Conjunto}{subsection.4.6}% 62
\BOOKMARK [2][-]{subsection.4.7}{Configuraci\363n Router WiFi}{section.4}% 63
\BOOKMARK [2][-]{subsection.4.8}{Configuraci\363n Raspberry Pi}{section.4}% 64
\BOOKMARK [3][-]{subsubsection.4.8.1}{Grabaci\363n Raspbian}{subsection.4.8}% 65
\BOOKMARK [3][-]{subsubsection.4.8.2}{Configuraci\363n inicial}{subsection.4.8}% 66
\BOOKMARK [3][-]{subsubsection.4.8.3}{Instalaci\363n de librer\355as}{subsection.4.8}% 67
\BOOKMARK [2][-]{subsection.4.9}{Programas b\341sicos}{section.4}% 68
\BOOKMARK [2][-]{subsection.4.10}{M\363dulo Rospibot}{section.4}% 69
\BOOKMARK [2][-]{subsection.4.11}{Instalaci\363n ROS Groovy}{section.4}% 70
\BOOKMARK [3][-]{subsubsection.4.11.1}{Instalaci\363n b\341sica}{subsection.4.11}% 71
\BOOKMARK [3][-]{subsubsection.4.11.2}{Inicializar dependencias y librer\355as}{subsection.4.11}% 72
\BOOKMARK [3][-]{subsubsection.4.11.3}{Creaci\363n directorio de trabajo}{subsection.4.11}% 73
\BOOKMARK [3][-]{subsubsection.4.11.4}{Creaci\363n paquete ''beginner\137tutorials''}{subsection.4.11}% 74
\BOOKMARK [1][-]{section.5}{Presupuesto}{}% 75
\BOOKMARK [2][-]{subsection.5.1}{Coste Material}{section.5}% 76
\BOOKMARK [3][-]{subsubsection.5.1.1}{Coste de Dispositivos}{subsection.5.1}% 77
\BOOKMARK [3][-]{subsubsection.5.1.2}{Coste de la Electr\363nica}{subsection.5.1}% 78
\BOOKMARK [3][-]{subsubsection.5.1.3}{Coste placa SecurePi}{subsection.5.1}% 79
\BOOKMARK [3][-]{subsubsection.5.1.4}{Coste de la Mec\341nica}{subsection.5.1}% 80
\BOOKMARK [3][-]{subsubsection.5.1.5}{Coste placa SensorPi}{subsection.5.1}% 81
\BOOKMARK [3][-]{subsubsection.5.1.6}{Coste placa MotorPi}{subsection.5.1}% 82
\BOOKMARK [2][-]{subsection.5.2}{Coste Personal}{section.5}% 83
\BOOKMARK [3][-]{subsubsection.5.2.1}{Descripci\363n de las labores}{subsection.5.2}% 84
\BOOKMARK [2][-]{subsection.5.3}{Planificaci\363n}{section.5}% 85
\BOOKMARK [1][-]{section.6}{Impacto Ambiental}{}% 86
\BOOKMARK [1][-]{section.7}{Conclusiones}{}% 87
\BOOKMARK [1][-]{section.8}{Soporte inform\341tico}{}% 88
\BOOKMARK [1][-]{section.9}{Agradecimientos}{}% 89
\BOOKMARK [1][-]{section.9}{Referencias}{}% 90
