\BOOKMARK [1][-]{section*.4}{Resumen}{}
\BOOKMARK [1][-]{section.1}{Glosario}{}
\BOOKMARK [1][-]{section.2}{Prefacio}{}
\BOOKMARK [2][-]{subsection.2.1}{Motivaci\363n}{section.2}
\BOOKMARK [1][-]{section.3}{Introducci\363n}{}
\BOOKMARK [2][-]{subsection.3.1}{Historia}{section.3}
\BOOKMARK [2][-]{subsection.3.2}{Estado del arte}{section.3}
\BOOKMARK [2][-]{subsection.3.3}{Alcance}{section.3}
\BOOKMARK [2][-]{subsection.3.4}{Objetivos}{section.3}
\BOOKMARK [1][-]{section.4}{Material de partida }{}
\BOOKMARK [2][-]{subsection.4.1}{WifiBot}{section.4}
\BOOKMARK [3][-]{subsubsection.4.1.1}{Descripci\363n}{subsection.4.1}
\BOOKMARK [3][-]{subsubsection.4.1.2}{Estado Inicial}{subsection.4.1}
\BOOKMARK [2][-]{subsection.4.2}{Raspberry Pi}{section.4}
\BOOKMARK [1][-]{section.5}{Soluci\363n planteada}{}
\BOOKMARK [2][-]{subsection.5.1}{Electr\363nica}{section.5}
\BOOKMARK [1][-]{section.6}{Conclusiones}{}
\BOOKMARK [1][-]{section.7}{Agradecimientos}{}
\BOOKMARK [1][-]{section.8}{Biografia}{}
\BOOKMARK [1][-]{section.9}{Soporte inform\341tico}{}
